2026-05-29 15:35:57.024 [main] DEBUG [] o.apache.ibatis.logging.LogFactory - Logging initialized using 'class org.apache.ibatis.logging.slf4j.Slf4jImpl' adapter.
2026-05-29 15:35:57.590 [main] DEBUG [] o.apache.ibatis.logging.LogFactory - Logging initialized using 'class org.apache.ibatis.logging.slf4j.Slf4jImpl' adapter.
2026-05-29 15:35:58.791 [scheduling-1] DEBUG [] c.a.p.r.A.selectReviewingReleaseRecords - ==>  Preparing: SELECT r.id, r.app_id, r.version_id, r.store_type, r.release_mode, r.release_type, r.gray_percent, r.gray_start_time, r.gray_end_time, r.release_status, r.store_release_id, r.reject_reason, r.api_request_log, r.api_response_log, r.release_time, r.finish_time, r.create_user, r.update_user, ai.app_name, ai.package_name, ai.app_description, av.version_code FROM app_release_record r LEFT JOIN app_info ai ON ai.id = r.app_id LEFT JOIN app_version av ON av.id = r.version_id AND av.app_id = r.app_id WHERE r.release_status = ? ORDER BY r.id ASC
2026-05-29 15:35:58.812 [scheduling-1] DEBUG [] c.a.p.r.A.selectReviewingReleaseRecords - ==> Parameters: auditing(String)
2026-05-29 15:35:58.830 [scheduling-1] DEBUG [] c.a.p.r.A.selectReviewingReleaseRecords - <==      Total: 0
2026-05-29 15:36:19.611 [http-nio-8080-exec-1] DEBUG [3f11a867feda4eb0853cc3e246758a21] c.a.p.r.A.selectReleaseRecordPage_mpCount - ==>  Preparing: SELECT COUNT(*) AS total FROM app_release_record r
2026-05-29 15:36:19.612 [http-nio-8080-exec-1] DEBUG [3f11a867feda4eb0853cc3e246758a21] c.a.p.r.A.selectReleaseRecordPage_mpCount - ==> Parameters: 
2026-05-29 15:36:19.617 [http-nio-8080-exec-1] DEBUG [3f11a867feda4eb0853cc3e246758a21] c.a.p.r.A.selectReleaseRecordPage_mpCount - <==      Total: 1
2026-05-29 15:36:19.626 [http-nio-8080-exec-1] DEBUG [3f11a867feda4eb0853cc3e246758a21] c.a.p.r.A.selectReleaseRecordPage - ==>  Preparing: SELECT r.id, r.app_id, r.version_id, r.store_type, r.release_mode, r.release_type, r.gray_percent, r.gray_start_time, r.gray_end_time, r.release_status, r.store_release_id, r.reject_reason, r.api_request_log, r.api_response_log, r.release_time, r.finish_time, r.create_user, r.update_user, ai.app_name, ai.package_name, ai.app_description, av.version_code FROM app_release_record r LEFT JOIN app_info ai ON ai.id = r.app_id LEFT JOIN app_version av ON av.id = r.version_id AND av.app_id = r.app_id ORDER BY r.finish_time DESC LIMIT ?
2026-05-29 15:36:19.631 [http-nio-8080-exec-1] DEBUG [3f11a867feda4eb0853cc3e246758a21] c.a.p.r.A.selectReleaseRecordPage - ==> Parameters: 10(Long)
2026-05-29 15:36:19.656 [http-nio-8080-exec-1] DEBUG [3f11a867feda4eb0853cc3e246758a21] c.a.p.r.A.selectReleaseRecordPage - <==      Total: 7
2026-05-29 15:36:58.836 [scheduling-1] DEBUG [] c.a.p.r.A.selectReviewingReleaseRecords - ==>  Preparing: SELECT r.id, r.app_id, r.version_id, r.store_type, r.release_mode, r.release_type, r.gray_percent, r.gray_start_time, r.gray_end_time, r.release_status, r.store_release_id, r.reject_reason, r.api_request_log, r.api_response_log, r.release_time, r.finish_time, r.create_user, r.update_user, ai.app_name, ai.package_name, ai.app_description, av.version_code FROM app_release_record r LEFT JOIN app_info ai ON ai.id = r.app_id LEFT JOIN app_version av ON av.id = r.version_id AND av.app_id = r.app_id WHERE r.release_status = ? ORDER BY r.id ASC
2026-05-29 15:36:58.837 [scheduling-1] DEBUG [] c.a.p.r.A.selectReviewingReleaseRecords - ==> Parameters: auditing(String)
2026-05-29 15:36:58.838 [scheduling-1] DEBUG [] c.a.p.r.A.selectReviewingReleaseRecords - <==      Total: 0
2026-05-29 15:37:58.842 [scheduling-1] DEBUG [] c.a.p.r.A.selectReviewingReleaseRecords - ==>  Preparing: SELECT r.id, r.app_id, r.version_id, r.store_type, r.release_mode, r.release_type, r.gray_percent, r.gray_start_time, r.gray_end_time, r.release_status, r.store_release_id, r.reject_reason, r.api_request_log, r.api_response_log, r.release_time, r.finish_time, r.create_user, r.update_user, ai.app_name, ai.package_name, ai.app_description, av.version_code FROM app_release_record r LEFT JOIN app_info ai ON ai.id = r.app_id LEFT JOIN app_version av ON av.id = r.version_id AND av.app_id = r.app_id WHERE r.release_status = ? ORDER BY r.id ASC
2026-05-29 15:37:58.843 [scheduling-1] DEBUG [] c.a.p.r.A.selectReviewingReleaseRecords - ==> Parameters: auditing(String)
2026-05-29 15:37:58.844 [scheduling-1] DEBUG [] c.a.p.r.A.selectReviewingReleaseRecords - <==      Total: 0
2026-05-29 15:38:58.849 [scheduling-1] DEBUG [] c.a.p.r.A.selectReviewingReleaseRecords - ==>  Preparing: SELECT r.id, r.app_id, r.version_id, r.store_type, r.release_mode, r.release_type, r.gray_percent, r.gray_start_time, r.gray_end_time, r.release_status, r.store_release_id, r.reject_reason, r.api_request_log, r.api_response_log, r.release_time, r.finish_time, r.create_user, r.update_user, ai.app_name, ai.package_name, ai.app_description, av.version_code FROM app_release_record r LEFT JOIN app_info ai ON ai.id = r.app_id LEFT JOIN app_version av ON av.id = r.version_id AND av.app_id = r.app_id WHERE r.release_status = ? ORDER BY r.id ASC
2026-05-29 15:38:58.850 [scheduling-1] DEBUG [] c.a.p.r.A.selectReviewingReleaseRecords - ==> Parameters: auditing(String)
2026-05-29 15:38:58.852 [scheduling-1] DEBUG [] c.a.p.r.A.selectReviewingReleaseRecords - <==      Total: 0
2026-05-29 15:39:58.857 [scheduling-1] DEBUG [] c.a.p.r.A.selectReviewingReleaseRecords - ==>  Preparing: SELECT r.id, r.app_id, r.version_id, r.store_type, r.release_mode, r.release_type, r.gray_percent, r.gray_start_time, r.gray_end_time, r.release_status, r.store_release_id, r.reject_reason, r.api_request_log, r.api_response_log, r.release_time, r.finish_time, r.create_user, r.update_user, ai.app_name, ai.package_name, ai.app_description, av.version_code FROM app_release_record r LEFT JOIN app_info ai ON ai.id = r.app_id LEFT JOIN app_version av ON av.id = r.version_id AND av.app_id = r.app_id WHERE r.release_status = ? ORDER BY r.id ASC
2026-05-29 15:39:58.858 [scheduling-1] DEBUG [] c.a.p.r.A.selectReviewingReleaseRecords - ==> Parameters: auditing(String)
2026-05-29 15:39:58.860 [scheduling-1] DEBUG [] c.a.p.r.A.selectReviewingReleaseRecords - <==      Total: 0
2026-05-29 15:40:58.866 [scheduling-1] DEBUG [] c.a.p.r.A.selectReviewingReleaseRecords - ==>  Preparing: SELECT r.id, r.app_id, r.version_id, r.store_type, r.release_mode, r.release_type, r.gray_percent, r.gray_start_time, r.gray_end_time, r.release_status, r.store_release_id, r.reject_reason, r.api_request_log, r.api_response_log, r.release_time, r.finish_time, r.create_user, r.update_user, ai.app_name, ai.package_name, ai.app_description, av.version_code FROM app_release_record r LEFT JOIN app_info ai ON ai.id = r.app_id LEFT JOIN app_version av ON av.id = r.version_id AND av.app_id = r.app_id WHERE r.release_status = ? ORDER BY r.id ASC
2026-05-29 15:40:58.866 [scheduling-1] DEBUG [] c.a.p.r.A.selectReviewingReleaseRecords - ==> Parameters: auditing(String)
2026-05-29 15:40:58.867 [scheduling-1] DEBUG [] c.a.p.r.A.selectReviewingReleaseRecords - <==      Total: 0
2026-05-29 15:41:58.871 [scheduling-1] DEBUG [] c.a.p.r.A.selectReviewingReleaseRecords - ==>  Preparing: SELECT r.id, r.app_id, r.version_id, r.store_type, r.release_mode, r.release_type, r.gray_percent, r.gray_start_time, r.gray_end_time, r.release_status, r.store_release_id, r.reject_reason, r.api_request_log, r.api_response_log, r.release_time, r.finish_time, r.create_user, r.update_user, ai.app_name, ai.package_name, ai.app_description, av.version_code FROM app_release_record r LEFT JOIN app_info ai ON ai.id = r.app_id LEFT JOIN app_version av ON av.id = r.version_id AND av.app_id = r.app_id WHERE r.release_status = ? ORDER BY r.id ASC
2026-05-29 15:41:58.872 [scheduling-1] DEBUG [] c.a.p.r.A.selectReviewingReleaseRecords - ==> Parameters: auditing(String)
2026-05-29 15:41:58.874 [scheduling-1] DEBUG [] c.a.p.r.A.selectReviewingReleaseRecords - <==      Total: 0
2026-05-29 15:42:58.878 [scheduling-1] DEBUG [] c.a.p.r.A.selectReviewingReleaseRecords - ==>  Preparing: SELECT r.id, r.app_id, r.version_id, r.store_type, r.release_mode, r.release_type, r.gray_percent, r.gray_start_time, r.gray_end_time, r.release_status, r.store_release_id, r.reject_reason, r.api_request_log, r.api_response_log, r.release_time, r.finish_time, r.create_user, r.update_user, ai.app_name, ai.package_name, ai.app_description, av.version_code FROM app_release_record r LEFT JOIN app_info ai ON ai.id = r.app_id LEFT JOIN app_version av ON av.id = r.version_id AND av.app_id = r.app_id WHERE r.release_status = ? ORDER BY r.id ASC
2026-05-29 15:42:58.879 [scheduling-1] DEBUG [] c.a.p.r.A.selectReviewingReleaseRecords - ==> Parameters: auditing(String)
2026-05-29 15:42:58.881 [scheduling-1] DEBUG [] c.a.p.r.A.selectReviewingReleaseRecords - <==      Total: 0
2026-05-29 15:43:58.885 [scheduling-1] DEBUG [] c.a.p.r.A.selectReviewingReleaseRecords - ==>  Preparing: SELECT r.id, r.app_id, r.version_id, r.store_type, r.release_mode, r.release_type, r.gray_percent, r.gray_start_time, r.gray_end_time, r.release_status, r.store_release_id, r.reject_reason, r.api_request_log, r.api_response_log, r.release_time, r.finish_time, r.create_user, r.update_user, ai.app_name, ai.package_name, ai.app_description, av.version_code FROM app_release_record r LEFT JOIN app_info ai ON ai.id = r.app_id LEFT JOIN app_version av ON av.id = r.version_id AND av.app_id = r.app_id WHERE r.release_status = ? ORDER BY r.id ASC
2026-05-29 15:43:58.886 [scheduling-1] DEBUG [] c.a.p.r.A.selectReviewingReleaseRecords - ==> Parameters: auditing(String)
2026-05-29 15:43:58.888 [scheduling-1] DEBUG [] c.a.p.r.A.selectReviewingReleaseRecords - <==      Total: 0
2026-05-29 15:44:58.893 [scheduling-1] DEBUG [] c.a.p.r.A.selectReviewingReleaseRecords - ==>  Preparing: SELECT r.id, r.app_id, r.version_id, r.store_type, r.release_mode, r.release_type, r.gray_percent, r.gray_start_time, r.gray_end_time, r.release_status, r.store_release_id, r.reject_reason, r.api_request_log, r.api_response_log, r.release_time, r.finish_time, r.create_user, r.update_user, ai.app_name, ai.package_name, ai.app_description, av.version_code FROM app_release_record r LEFT JOIN app_info ai ON ai.id = r.app_id LEFT JOIN app_version av ON av.id = r.version_id AND av.app_id = r.app_id WHERE r.release_status = ? ORDER BY r.id ASC
2026-05-29 15:44:58.894 [scheduling-1] DEBUG [] c.a.p.r.A.selectReviewingReleaseRecords - ==> Parameters: auditing(String)
2026-05-29 15:44:58.895 [scheduling-1] DEBUG [] c.a.p.r.A.selectReviewingReleaseRecords - <==      Total: 0
2026-05-29 15:45:58.900 [scheduling-1] DEBUG [] c.a.p.r.A.selectReviewingReleaseRecords - ==>  Preparing: SELECT r.id, r.app_id, r.version_id, r.store_type, r.release_mode, r.release_type, r.gray_percent, r.gray_start_time, r.gray_end_time, r.release_status, r.store_release_id, r.reject_reason, r.api_request_log, r.api_response_log, r.release_time, r.finish_time, r.create_user, r.update_user, ai.app_name, ai.package_name, ai.app_description, av.version_code FROM app_release_record r LEFT JOIN app_info ai ON ai.id = r.app_id LEFT JOIN app_version av ON av.id = r.version_id AND av.app_id = r.app_id WHERE r.release_status = ? ORDER BY r.id ASC
2026-05-29 15:45:58.900 [scheduling-1] DEBUG [] c.a.p.r.A.selectReviewingReleaseRecords - ==> Parameters: auditing(String)
2026-05-29 15:45:58.901 [scheduling-1] DEBUG [] c.a.p.r.A.selectReviewingReleaseRecords - <==      Total: 0
2026-05-29 15:46:58.907 [scheduling-1] DEBUG [] c.a.p.r.A.selectReviewingReleaseRecords - ==>  Preparing: SELECT r.id, r.app_id, r.version_id, r.store_type, r.release_mode, r.release_type, r.gray_percent, r.gray_start_time, r.gray_end_time, r.release_status, r.store_release_id, r.reject_reason, r.api_request_log, r.api_response_log, r.release_time, r.finish_time, r.create_user, r.update_user, ai.app_name, ai.package_name, ai.app_description, av.version_code FROM app_release_record r LEFT JOIN app_info ai ON ai.id = r.app_id LEFT JOIN app_version av ON av.id = r.version_id AND av.app_id = r.app_id WHERE r.release_status = ? ORDER BY r.id ASC
2026-05-29 15:46:58.907 [scheduling-1] DEBUG [] c.a.p.r.A.selectReviewingReleaseRecords - ==> Parameters: auditing(String)
2026-05-29 15:46:58.909 [scheduling-1] DEBUG [] c.a.p.r.A.selectReviewingReleaseRecords - <==      Total: 0
2026-05-29 15:47:58.912 [scheduling-1] DEBUG [] c.a.p.r.A.selectReviewingReleaseRecords - ==>  Preparing: SELECT r.id, r.app_id, r.version_id, r.store_type, r.release_mode, r.release_type, r.gray_percent, r.gray_start_time, r.gray_end_time, r.release_status, r.store_release_id, r.reject_reason, r.api_request_log, r.api_response_log, r.release_time, r.finish_time, r.create_user, r.update_user, ai.app_name, ai.package_name, ai.app_description, av.version_code FROM app_release_record r LEFT JOIN app_info ai ON ai.id = r.app_id LEFT JOIN app_version av ON av.id = r.version_id AND av.app_id = r.app_id WHERE r.release_status = ? ORDER BY r.id ASC
2026-05-29 15:47:58.913 [scheduling-1] DEBUG [] c.a.p.r.A.selectReviewingReleaseRecords - ==> Parameters: auditing(String)
2026-05-29 15:47:58.914 [scheduling-1] DEBUG [] c.a.p.r.A.selectReviewingReleaseRecords - <==      Total: 0
2026-05-29 15:48:58.917 [scheduling-1] DEBUG [] c.a.p.r.A.selectReviewingReleaseRecords - ==>  Preparing: SELECT r.id, r.app_id, r.version_id, r.store_type, r.release_mode, r.release_type, r.gray_percent, r.gray_start_time, r.gray_end_time, r.release_status, r.store_release_id, r.reject_reason, r.api_request_log, r.api_response_log, r.release_time, r.finish_time, r.create_user, r.update_user, ai.app_name, ai.package_name, ai.app_description, av.version_code FROM app_release_record r LEFT JOIN app_info ai ON ai.id = r.app_id LEFT JOIN app_version av ON av.id = r.version_id AND av.app_id = r.app_id WHERE r.release_status = ? ORDER BY r.id ASC
2026-05-29 15:48:58.917 [scheduling-1] DEBUG [] c.a.p.r.A.selectReviewingReleaseRecords - ==> Parameters: auditing(String)
2026-05-29 15:48:58.919 [scheduling-1] DEBUG [] c.a.p.r.A.selectReviewingReleaseRecords - <==      Total: 0
2026-05-29 15:49:58.923 [scheduling-1] DEBUG [] c.a.p.r.A.selectReviewingReleaseRecords - ==>  Preparing: SELECT r.id, r.app_id, r.version_id, r.store_type, r.release_mode, r.release_type, r.gray_percent, r.gray_start_time, r.gray_end_time, r.release_status, r.store_release_id, r.reject_reason, r.api_request_log, r.api_response_log, r.release_time, r.finish_time, r.create_user, r.update_user, ai.app_name, ai.package_name, ai.app_description, av.version_code FROM app_release_record r LEFT JOIN app_info ai ON ai.id = r.app_id LEFT JOIN app_version av ON av.id = r.version_id AND av.app_id = r.app_id WHERE r.release_status = ? ORDER BY r.id ASC
2026-05-29 15:49:58.925 [scheduling-1] DEBUG [] c.a.p.r.A.selectReviewingReleaseRecords - ==> Parameters: auditing(String)
2026-05-29 15:49:58.926 [scheduling-1] DEBUG [] c.a.p.r.A.selectReviewingReleaseRecords - <==      Total: 0
2026-05-29 15:50:58.931 [scheduling-1] DEBUG [] c.a.p.r.A.selectReviewingReleaseRecords - ==>  Preparing: SELECT r.id, r.app_id, r.version_id, r.store_type, r.release_mode, r.release_type, r.gray_percent, r.gray_start_time, r.gray_end_time, r.release_status, r.store_release_id, r.reject_reason, r.api_request_log, r.api_response_log, r.release_time, r.finish_time, r.create_user, r.update_user, ai.app_name, ai.package_name, ai.app_description, av.version_code FROM app_release_record r LEFT JOIN app_info ai ON ai.id = r.app_id LEFT JOIN app_version av ON av.id = r.version_id AND av.app_id = r.app_id WHERE r.release_status = ? ORDER BY r.id ASC
2026-05-29 15:50:58.931 [scheduling-1] DEBUG [] c.a.p.r.A.selectReviewingReleaseRecords - ==> Parameters: auditing(String)
2026-05-29 15:50:58.933 [scheduling-1] DEBUG [] c.a.p.r.A.selectReviewingReleaseRecords - <==      Total: 0
2026-05-29 15:51:58.936 [scheduling-1] DEBUG [] c.a.p.r.A.selectReviewingReleaseRecords - ==>  Preparing: SELECT r.id, r.app_id, r.version_id, r.store_type, r.release_mode, r.release_type, r.gray_percent, r.gray_start_time, r.gray_end_time, r.release_status, r.store_release_id, r.reject_reason, r.api_request_log, r.api_response_log, r.release_time, r.finish_time, r.create_user, r.update_user, ai.app_name, ai.package_name, ai.app_description, av.version_code FROM app_release_record r LEFT JOIN app_info ai ON ai.id = r.app_id LEFT JOIN app_version av ON av.id = r.version_id AND av.app_id = r.app_id WHERE r.release_status = ? ORDER BY r.id ASC
2026-05-29 15:51:58.937 [scheduling-1] DEBUG [] c.a.p.r.A.selectReviewingReleaseRecords - ==> Parameters: auditing(String)
2026-05-29 15:51:58.940 [scheduling-1] DEBUG [] c.a.p.r.A.selectReviewingReleaseRecords - <==      Total: 0
2026-05-29 15:52:58.960 [scheduling-1] DEBUG [] c.a.p.r.A.selectReviewingReleaseRecords - ==>  Preparing: SELECT r.id, r.app_id, r.version_id, r.store_type, r.release_mode, r.release_type, r.gray_percent, r.gray_start_time, r.gray_end_time, r.release_status, r.store_release_id, r.reject_reason, r.api_request_log, r.api_response_log, r.release_time, r.finish_time, r.create_user, r.update_user, ai.app_name, ai.package_name, ai.app_description, av.version_code FROM app_release_record r LEFT JOIN app_info ai ON ai.id = r.app_id LEFT JOIN app_version av ON av.id = r.version_id AND av.app_id = r.app_id WHERE r.release_status = ? ORDER BY r.id ASC
2026-05-29 15:52:58.961 [scheduling-1] DEBUG [] c.a.p.r.A.selectReviewingReleaseRecords - ==> Parameters: auditing(String)
2026-05-29 15:52:58.963 [scheduling-1] DEBUG [] c.a.p.r.A.selectReviewingReleaseRecords - <==      Total: 0
2026-05-29 15:53:58.974 [scheduling-1] DEBUG [] c.a.p.r.A.selectReviewingReleaseRecords - ==>  Preparing: SELECT r.id, r.app_id, r.version_id, r.store_type, r.release_mode, r.release_type, r.gray_percent, r.gray_start_time, r.gray_end_time, r.release_status, r.store_release_id, r.reject_reason, r.api_request_log, r.api_response_log, r.release_time, r.finish_time, r.create_user, r.update_user, ai.app_name, ai.package_name, ai.app_description, av.version_code FROM app_release_record r LEFT JOIN app_info ai ON ai.id = r.app_id LEFT JOIN app_version av ON av.id = r.version_id AND av.app_id = r.app_id WHERE r.release_status = ? ORDER BY r.id ASC
2026-05-29 15:53:58.975 [scheduling-1] DEBUG [] c.a.p.r.A.selectReviewingReleaseRecords - ==> Parameters: auditing(String)
2026-05-29 15:53:58.979 [scheduling-1] DEBUG [] c.a.p.r.A.selectReviewingReleaseRecords - <==      Total: 0
2026-05-29 15:54:58.997 [scheduling-1] DEBUG [] c.a.p.r.A.selectReviewingReleaseRecords - ==>  Preparing: SELECT r.id, r.app_id, r.version_id, r.store_type, r.release_mode, r.release_type, r.gray_percent, r.gray_start_time, r.gray_end_time, r.release_status, r.store_release_id, r.reject_reason, r.api_request_log, r.api_response_log, r.release_time, r.finish_time, r.create_user, r.update_user, ai.app_name, ai.package_name, ai.app_description, av.version_code FROM app_release_record r LEFT JOIN app_info ai ON ai.id = r.app_id LEFT JOIN app_version av ON av.id = r.version_id AND av.app_id = r.app_id WHERE r.release_status = ? ORDER BY r.id ASC
2026-05-29 15:54:58.999 [scheduling-1] DEBUG [] c.a.p.r.A.selectReviewingReleaseRecords - ==> Parameters: auditing(String)
2026-05-29 15:54:59.002 [scheduling-1] DEBUG [] c.a.p.r.A.selectReviewingReleaseRecords - <==      Total: 0
2026-05-29 15:55:59.022 [scheduling-1] DEBUG [] c.a.p.r.A.selectReviewingReleaseRecords - ==>  Preparing: SELECT r.id, r.app_id, r.version_id, r.store_type, r.release_mode, r.release_type, r.gray_percent, r.gray_start_time, r.gray_end_time, r.release_status, r.store_release_id, r.reject_reason, r.api_request_log, r.api_response_log, r.release_time, r.finish_time, r.create_user, r.update_user, ai.app_name, ai.package_name, ai.app_description, av.version_code FROM app_release_record r LEFT JOIN app_info ai ON ai.id = r.app_id LEFT JOIN app_version av ON av.id = r.version_id AND av.app_id = r.app_id WHERE r.release_status = ? ORDER BY r.id ASC
2026-05-29 15:55:59.023 [scheduling-1] DEBUG [] c.a.p.r.A.selectReviewingReleaseRecords - ==> Parameters: auditing(String)
2026-05-29 15:55:59.025 [scheduling-1] DEBUG [] c.a.p.r.A.selectReviewingReleaseRecords - <==      Total: 0
2026-05-29 15:56:59.040 [scheduling-1] DEBUG [] c.a.p.r.A.selectReviewingReleaseRecords - ==>  Preparing: SELECT r.id, r.app_id, r.version_id, r.store_type, r.release_mode, r.release_type, r.gray_percent, r.gray_start_time, r.gray_end_time, r.release_status, r.store_release_id, r.reject_reason, r.api_request_log, r.api_response_log, r.release_time, r.finish_time, r.create_user, r.update_user, ai.app_name, ai.package_name, ai.app_description, av.version_code FROM app_release_record r LEFT JOIN app_info ai ON ai.id = r.app_id LEFT JOIN app_version av ON av.id = r.version_id AND av.app_id = r.app_id WHERE r.release_status = ? ORDER BY r.id ASC
2026-05-29 15:56:59.042 [scheduling-1] DEBUG [] c.a.p.r.A.selectReviewingReleaseRecords - ==> Parameters: auditing(String)
2026-05-29 15:56:59.045 [scheduling-1] DEBUG [] c.a.p.r.A.selectReviewingReleaseRecords - <==      Total: 0
2026-05-29 15:57:59.057 [scheduling-1] DEBUG [] c.a.p.r.A.selectReviewingReleaseRecords - ==>  Preparing: SELECT r.id, r.app_id, r.version_id, r.store_type, r.release_mode, r.release_type, r.gray_percent, r.gray_start_time, r.gray_end_time, r.release_status, r.store_release_id, r.reject_reason, r.api_request_log, r.api_response_log, r.release_time, r.finish_time, r.create_user, r.update_user, ai.app_name, ai.package_name, ai.app_description, av.version_code FROM app_release_record r LEFT JOIN app_info ai ON ai.id = r.app_id LEFT JOIN app_version av ON av.id = r.version_id AND av.app_id = r.app_id WHERE r.release_status = ? ORDER BY r.id ASC
2026-05-29 15:57:59.059 [scheduling-1] DEBUG [] c.a.p.r.A.selectReviewingReleaseRecords - ==> Parameters: auditing(String)
2026-05-29 15:57:59.062 [scheduling-1] DEBUG [] c.a.p.r.A.selectReviewingReleaseRecords - <==      Total: 0
2026-05-29 15:58:59.075 [scheduling-1] DEBUG [] c.a.p.r.A.selectReviewingReleaseRecords - ==>  Preparing: SELECT r.id, r.app_id, r.version_id, r.store_type, r.release_mode, r.release_type, r.gray_percent, r.gray_start_time, r.gray_end_time, r.release_status, r.store_release_id, r.reject_reason, r.api_request_log, r.api_response_log, r.release_time, r.finish_time, r.create_user, r.update_user, ai.app_name, ai.package_name, ai.app_description, av.version_code FROM app_release_record r LEFT JOIN app_info ai ON ai.id = r.app_id LEFT JOIN app_version av ON av.id = r.version_id AND av.app_id = r.app_id WHERE r.release_status = ? ORDER BY r.id ASC
2026-05-29 15:58:59.075 [scheduling-1] DEBUG [] c.a.p.r.A.selectReviewingReleaseRecords - ==> Parameters: auditing(String)
2026-05-29 15:58:59.077 [scheduling-1] DEBUG [] c.a.p.r.A.selectReviewingReleaseRecords - <==      Total: 0
2026-05-29 15:59:59.092 [scheduling-1] DEBUG [] c.a.p.r.A.selectReviewingReleaseRecords - ==>  Preparing: SELECT r.id, r.app_id, r.version_id, r.store_type, r.release_mode, r.release_type, r.gray_percent, r.gray_start_time, r.gray_end_time, r.release_status, r.store_release_id, r.reject_reason, r.api_request_log, r.api_response_log, r.release_time, r.finish_time, r.create_user, r.update_user, ai.app_name, ai.package_name, ai.app_description, av.version_code FROM app_release_record r LEFT JOIN app_info ai ON ai.id = r.app_id LEFT JOIN app_version av ON av.id = r.version_id AND av.app_id = r.app_id WHERE r.release_status = ? ORDER BY r.id ASC
2026-05-29 15:59:59.093 [scheduling-1] DEBUG [] c.a.p.r.A.selectReviewingReleaseRecords - ==> Parameters: auditing(String)
2026-05-29 15:59:59.096 [scheduling-1] DEBUG [] c.a.p.r.A.selectReviewingReleaseRecords - <==      Total: 0
2026-05-29 16:00:59.102 [scheduling-1] DEBUG [] c.a.p.r.A.selectReviewingReleaseRecords - ==>  Preparing: SELECT r.id, r.app_id, r.version_id, r.store_type, r.release_mode, r.release_type, r.gray_percent, r.gray_start_time, r.gray_end_time, r.release_status, r.store_release_id, r.reject_reason, r.api_request_log, r.api_response_log, r.release_time, r.finish_time, r.create_user, r.update_user, ai.app_name, ai.package_name, ai.app_description, av.version_code FROM app_release_record r LEFT JOIN app_info ai ON ai.id = r.app_id LEFT JOIN app_version av ON av.id = r.version_id AND av.app_id = r.app_id WHERE r.release_status = ? ORDER BY r.id ASC
2026-05-29 16:00:59.103 [scheduling-1] DEBUG [] c.a.p.r.A.selectReviewingReleaseRecords - ==> Parameters: auditing(String)
2026-05-29 16:00:59.104 [scheduling-1] DEBUG [] c.a.p.r.A.selectReviewingReleaseRecords - <==      Total: 0
2026-05-29 16:01:59.109 [scheduling-1] DEBUG [] c.a.p.r.A.selectReviewingReleaseRecords - ==>  Preparing: SELECT r.id, r.app_id, r.version_id, r.store_type, r.release_mode, r.release_type, r.gray_percent, r.gray_start_time, r.gray_end_time, r.release_status, r.store_release_id, r.reject_reason, r.api_request_log, r.api_response_log, r.release_time, r.finish_time, r.create_user, r.update_user, ai.app_name, ai.package_name, ai.app_description, av.version_code FROM app_release_record r LEFT JOIN app_info ai ON ai.id = r.app_id LEFT JOIN app_version av ON av.id = r.version_id AND av.app_id = r.app_id WHERE r.release_status = ? ORDER BY r.id ASC
2026-05-29 16:01:59.110 [scheduling-1] DEBUG [] c.a.p.r.A.selectReviewingReleaseRecords - ==> Parameters: auditing(String)
2026-05-29 16:01:59.113 [scheduling-1] DEBUG [] c.a.p.r.A.selectReviewingReleaseRecords - <==      Total: 0
2026-05-29 16:02:59.123 [scheduling-1] DEBUG [] c.a.p.r.A.selectReviewingReleaseRecords - ==>  Preparing: SELECT r.id, r.app_id, r.version_id, r.store_type, r.release_mode, r.release_type, r.gray_percent, r.gray_start_time, r.gray_end_time, r.release_status, r.store_release_id, r.reject_reason, r.api_request_log, r.api_response_log, r.release_time, r.finish_time, r.create_user, r.update_user, ai.app_name, ai.package_name, ai.app_description, av.version_code FROM app_release_record r LEFT JOIN app_info ai ON ai.id = r.app_id LEFT JOIN app_version av ON av.id = r.version_id AND av.app_id = r.app_id WHERE r.release_status = ? ORDER BY r.id ASC
2026-05-29 16:02:59.124 [scheduling-1] DEBUG [] c.a.p.r.A.selectReviewingReleaseRecords - ==> Parameters: auditing(String)
2026-05-29 16:02:59.126 [scheduling-1] DEBUG [] c.a.p.r.A.selectReviewingReleaseRecords - <==      Total: 0
2026-05-29 16:03:59.145 [scheduling-1] DEBUG [] c.a.p.r.A.selectReviewingReleaseRecords - ==>  Preparing: SELECT r.id, r.app_id, r.version_id, r.store_type, r.release_mode, r.release_type, r.gray_percent, r.gray_start_time, r.gray_end_time, r.release_status, r.store_release_id, r.reject_reason, r.api_request_log, r.api_response_log, r.release_time, r.finish_time, r.create_user, r.update_user, ai.app_name, ai.package_name, ai.app_description, av.version_code FROM app_release_record r LEFT JOIN app_info ai ON ai.id = r.app_id LEFT JOIN app_version av ON av.id = r.version_id AND av.app_id = r.app_id WHERE r.release_status = ? ORDER BY r.id ASC
2026-05-29 16:03:59.146 [scheduling-1] DEBUG [] c.a.p.r.A.selectReviewingReleaseRecords - ==> Parameters: auditing(String)
2026-05-29 16:03:59.148 [scheduling-1] DEBUG [] c.a.p.r.A.selectReviewingReleaseRecords - <==      Total: 0
2026-05-29 16:04:59.154 [scheduling-1] DEBUG [] c.a.p.r.A.selectReviewingReleaseRecords - ==>  Preparing: SELECT r.id, r.app_id, r.version_id, r.store_type, r.release_mode, r.release_type, r.gray_percent, r.gray_start_time, r.gray_end_time, r.release_status, r.store_release_id, r.reject_reason, r.api_request_log, r.api_response_log, r.release_time, r.finish_time, r.create_user, r.update_user, ai.app_name, ai.package_name, ai.app_description, av.version_code FROM app_release_record r LEFT JOIN app_info ai ON ai.id = r.app_id LEFT JOIN app_version av ON av.id = r.version_id AND av.app_id = r.app_id WHERE r.release_status = ? ORDER BY r.id ASC
2026-05-29 16:04:59.156 [scheduling-1] DEBUG [] c.a.p.r.A.selectReviewingReleaseRecords - ==> Parameters: auditing(String)
2026-05-29 16:04:59.158 [scheduling-1] DEBUG [] c.a.p.r.A.selectReviewingReleaseRecords - <==      Total: 0
2026-05-29 16:05:59.172 [scheduling-1] DEBUG [] c.a.p.r.A.selectReviewingReleaseRecords - ==>  Preparing: SELECT r.id, r.app_id, r.version_id, r.store_type, r.release_mode, r.release_type, r.gray_percent, r.gray_start_time, r.gray_end_time, r.release_status, r.store_release_id, r.reject_reason, r.api_request_log, r.api_response_log, r.release_time, r.finish_time, r.create_user, r.update_user, ai.app_name, ai.package_name, ai.app_description, av.version_code FROM app_release_record r LEFT JOIN app_info ai ON ai.id = r.app_id LEFT JOIN app_version av ON av.id = r.version_id AND av.app_id = r.app_id WHERE r.release_status = ? ORDER BY r.id ASC
2026-05-29 16:05:59.174 [scheduling-1] DEBUG [] c.a.p.r.A.selectReviewingReleaseRecords - ==> Parameters: auditing(String)
2026-05-29 16:05:59.183 [scheduling-1] DEBUG [] c.a.p.r.A.selectReviewingReleaseRecords - <==      Total: 0
2026-05-29 16:06:59.202 [scheduling-1] DEBUG [] c.a.p.r.A.selectReviewingReleaseRecords - ==>  Preparing: SELECT r.id, r.app_id, r.version_id, r.store_type, r.release_mode, r.release_type, r.gray_percent, r.gray_start_time, r.gray_end_time, r.release_status, r.store_release_id, r.reject_reason, r.api_request_log, r.api_response_log, r.release_time, r.finish_time, r.create_user, r.update_user, ai.app_name, ai.package_name, ai.app_description, av.version_code FROM app_release_record r LEFT JOIN app_info ai ON ai.id = r.app_id LEFT JOIN app_version av ON av.id = r.version_id AND av.app_id = r.app_id WHERE r.release_status = ? ORDER BY r.id ASC
2026-05-29 16:06:59.203 [scheduling-1] DEBUG [] c.a.p.r.A.selectReviewingReleaseRecords - ==> Parameters: auditing(String)
2026-05-29 16:06:59.205 [scheduling-1] DEBUG [] c.a.p.r.A.selectReviewingReleaseRecords - <==      Total: 0
2026-05-29 16:07:59.218 [scheduling-1] DEBUG [] c.a.p.r.A.selectReviewingReleaseRecords - ==>  Preparing: SELECT r.id, r.app_id, r.version_id, r.store_type, r.release_mode, r.release_type, r.gray_percent, r.gray_start_time, r.gray_end_time, r.release_status, r.store_release_id, r.reject_reason, r.api_request_log, r.api_response_log, r.release_time, r.finish_time, r.create_user, r.update_user, ai.app_name, ai.package_name, ai.app_description, av.version_code FROM app_release_record r LEFT JOIN app_info ai ON ai.id = r.app_id LEFT JOIN app_version av ON av.id = r.version_id AND av.app_id = r.app_id WHERE r.release_status = ? ORDER BY r.id ASC
2026-05-29 16:07:59.218 [scheduling-1] DEBUG [] c.a.p.r.A.selectReviewingReleaseRecords - ==> Parameters: auditing(String)
2026-05-29 16:07:59.220 [scheduling-1] DEBUG [] c.a.p.r.A.selectReviewingReleaseRecords - <==      Total: 0
2026-05-29 16:08:59.236 [scheduling-1] DEBUG [] c.a.p.r.A.selectReviewingReleaseRecords - ==>  Preparing: SELECT r.id, r.app_id, r.version_id, r.store_type, r.release_mode, r.release_type, r.gray_percent, r.gray_start_time, r.gray_end_time, r.release_status, r.store_release_id, r.reject_reason, r.api_request_log, r.api_response_log, r.release_time, r.finish_time, r.create_user, r.update_user, ai.app_name, ai.package_name, ai.app_description, av.version_code FROM app_release_record r LEFT JOIN app_info ai ON ai.id = r.app_id LEFT JOIN app_version av ON av.id = r.version_id AND av.app_id = r.app_id WHERE r.release_status = ? ORDER BY r.id ASC
2026-05-29 16:08:59.237 [scheduling-1] DEBUG [] c.a.p.r.A.selectReviewingReleaseRecords - ==> Parameters: auditing(String)
2026-05-29 16:08:59.239 [scheduling-1] DEBUG [] c.a.p.r.A.selectReviewingReleaseRecords - <==      Total: 0
2026-05-29 16:09:59.256 [scheduling-1] DEBUG [] c.a.p.r.A.selectReviewingReleaseRecords - ==>  Preparing: SELECT r.id, r.app_id, r.version_id, r.store_type, r.release_mode, r.release_type, r.gray_percent, r.gray_start_time, r.gray_end_time, r.release_status, r.store_release_id, r.reject_reason, r.api_request_log, r.api_response_log, r.release_time, r.finish_time, r.create_user, r.update_user, ai.app_name, ai.package_name, ai.app_description, av.version_code FROM app_release_record r LEFT JOIN app_info ai ON ai.id = r.app_id LEFT JOIN app_version av ON av.id = r.version_id AND av.app_id = r.app_id WHERE r.release_status = ? ORDER BY r.id ASC
2026-05-29 16:09:59.257 [scheduling-1] DEBUG [] c.a.p.r.A.selectReviewingReleaseRecords - ==> Parameters: auditing(String)
2026-05-29 16:09:59.261 [scheduling-1] DEBUG [] c.a.p.r.A.selectReviewingReleaseRecords - <==      Total: 0
2026-05-29 16:10:59.266 [scheduling-1] DEBUG [] c.a.p.r.A.selectReviewingReleaseRecords - ==>  Preparing: SELECT r.id, r.app_id, r.version_id, r.store_type, r.release_mode, r.release_type, r.gray_percent, r.gray_start_time, r.gray_end_time, r.release_status, r.store_release_id, r.reject_reason, r.api_request_log, r.api_response_log, r.release_time, r.finish_time, r.create_user, r.update_user, ai.app_name, ai.package_name, ai.app_description, av.version_code FROM app_release_record r LEFT JOIN app_info ai ON ai.id = r.app_id LEFT JOIN app_version av ON av.id = r.version_id AND av.app_id = r.app_id WHERE r.release_status = ? ORDER BY r.id ASC
2026-05-29 16:10:59.267 [scheduling-1] DEBUG [] c.a.p.r.A.selectReviewingReleaseRecords - ==> Parameters: auditing(String)
2026-05-29 16:10:59.270 [scheduling-1] DEBUG [] c.a.p.r.A.selectReviewingReleaseRecords - <==      Total: 0
2026-05-29 16:11:59.280 [scheduling-1] DEBUG [] c.a.p.r.A.selectReviewingReleaseRecords - ==>  Preparing: SELECT r.id, r.app_id, r.version_id, r.store_type, r.release_mode, r.release_type, r.gray_percent, r.gray_start_time, r.gray_end_time, r.release_status, r.store_release_id, r.reject_reason, r.api_request_log, r.api_response_log, r.release_time, r.finish_time, r.create_user, r.update_user, ai.app_name, ai.package_name, ai.app_description, av.version_code FROM app_release_record r LEFT JOIN app_info ai ON ai.id = r.app_id LEFT JOIN app_version av ON av.id = r.version_id AND av.app_id = r.app_id WHERE r.release_status = ? ORDER BY r.id ASC
2026-05-29 16:11:59.280 [scheduling-1] DEBUG [] c.a.p.r.A.selectReviewingReleaseRecords - ==> Parameters: auditing(String)
2026-05-29 16:11:59.282 [scheduling-1] DEBUG [] c.a.p.r.A.selectReviewingReleaseRecords - <==      Total: 0
2026-05-29 16:12:59.287 [scheduling-1] DEBUG [] c.a.p.r.A.selectReviewingReleaseRecords - ==>  Preparing: SELECT r.id, r.app_id, r.version_id, r.store_type, r.release_mode, r.release_type, r.gray_percent, r.gray_start_time, r.gray_end_time, r.release_status, r.store_release_id, r.reject_reason, r.api_request_log, r.api_response_log, r.release_time, r.finish_time, r.create_user, r.update_user, ai.app_name, ai.package_name, ai.app_description, av.version_code FROM app_release_record r LEFT JOIN app_info ai ON ai.id = r.app_id LEFT JOIN app_version av ON av.id = r.version_id AND av.app_id = r.app_id WHERE r.release_status = ? ORDER BY r.id ASC
2026-05-29 16:12:59.287 [scheduling-1] DEBUG [] c.a.p.r.A.selectReviewingReleaseRecords - ==> Parameters: auditing(String)
2026-05-29 16:12:59.289 [scheduling-1] DEBUG [] c.a.p.r.A.selectReviewingReleaseRecords - <==      Total: 0
2026-05-29 16:13:59.294 [scheduling-1] DEBUG [] c.a.p.r.A.selectReviewingReleaseRecords - ==>  Preparing: SELECT r.id, r.app_id, r.version_id, r.store_type, r.release_mode, r.release_type, r.gray_percent, r.gray_start_time, r.gray_end_time, r.release_status, r.store_release_id, r.reject_reason, r.api_request_log, r.api_response_log, r.release_time, r.finish_time, r.create_user, r.update_user, ai.app_name, ai.package_name, ai.app_description, av.version_code FROM app_release_record r LEFT JOIN app_info ai ON ai.id = r.app_id LEFT JOIN app_version av ON av.id = r.version_id AND av.app_id = r.app_id WHERE r.release_status = ? ORDER BY r.id ASC
2026-05-29 16:13:59.295 [scheduling-1] DEBUG [] c.a.p.r.A.selectReviewingReleaseRecords - ==> Parameters: auditing(String)
2026-05-29 16:13:59.296 [scheduling-1] DEBUG [] c.a.p.r.A.selectReviewingReleaseRecords - <==      Total: 0
2026-05-29 16:14:59.300 [scheduling-1] DEBUG [] c.a.p.r.A.selectReviewingReleaseRecords - ==>  Preparing: SELECT r.id, r.app_id, r.version_id, r.store_type, r.release_mode, r.release_type, r.gray_percent, r.gray_start_time, r.gray_end_time, r.release_status, r.store_release_id, r.reject_reason, r.api_request_log, r.api_response_log, r.release_time, r.finish_time, r.create_user, r.update_user, ai.app_name, ai.package_name, ai.app_description, av.version_code FROM app_release_record r LEFT JOIN app_info ai ON ai.id = r.app_id LEFT JOIN app_version av ON av.id = r.version_id AND av.app_id = r.app_id WHERE r.release_status = ? ORDER BY r.id ASC
2026-05-29 16:14:59.300 [scheduling-1] DEBUG [] c.a.p.r.A.selectReviewingReleaseRecords - ==> Parameters: auditing(String)
2026-05-29 16:14:59.301 [scheduling-1] DEBUG [] c.a.p.r.A.selectReviewingReleaseRecords - <==      Total: 0
2026-05-29 16:15:59.306 [scheduling-1] DEBUG [] c.a.p.r.A.selectReviewingReleaseRecords - ==>  Preparing: SELECT r.id, r.app_id, r.version_id, r.store_type, r.release_mode, r.release_type, r.gray_percent, r.gray_start_time, r.gray_end_time, r.release_status, r.store_release_id, r.reject_reason, r.api_request_log, r.api_response_log, r.release_time, r.finish_time, r.create_user, r.update_user, ai.app_name, ai.package_name, ai.app_description, av.version_code FROM app_release_record r LEFT JOIN app_info ai ON ai.id = r.app_id LEFT JOIN app_version av ON av.id = r.version_id AND av.app_id = r.app_id WHERE r.release_status = ? ORDER BY r.id ASC
2026-05-29 16:15:59.307 [scheduling-1] DEBUG [] c.a.p.r.A.selectReviewingReleaseRecords - ==> Parameters: auditing(String)
2026-05-29 16:15:59.308 [scheduling-1] DEBUG [] c.a.p.r.A.selectReviewingReleaseRecords - <==      Total: 0
2026-05-29 16:16:59.312 [scheduling-1] DEBUG [] c.a.p.r.A.selectReviewingReleaseRecords - ==>  Preparing: SELECT r.id, r.app_id, r.version_id, r.store_type, r.release_mode, r.release_type, r.gray_percent, r.gray_start_time, r.gray_end_time, r.release_status, r.store_release_id, r.reject_reason, r.api_request_log, r.api_response_log, r.release_time, r.finish_time, r.create_user, r.update_user, ai.app_name, ai.package_name, ai.app_description, av.version_code FROM app_release_record r LEFT JOIN app_info ai ON ai.id = r.app_id LEFT JOIN app_version av ON av.id = r.version_id AND av.app_id = r.app_id WHERE r.release_status = ? ORDER BY r.id ASC
2026-05-29 16:16:59.313 [scheduling-1] DEBUG [] c.a.p.r.A.selectReviewingReleaseRecords - ==> Parameters: auditing(String)
2026-05-29 16:16:59.314 [scheduling-1] DEBUG [] c.a.p.r.A.selectReviewingReleaseRecords - <==      Total: 0
2026-05-29 16:17:59.327 [scheduling-1] DEBUG [] c.a.p.r.A.selectReviewingReleaseRecords - ==>  Preparing: SELECT r.id, r.app_id, r.version_id, r.store_type, r.release_mode, r.release_type, r.gray_percent, r.gray_start_time, r.gray_end_time, r.release_status, r.store_release_id, r.reject_reason, r.api_request_log, r.api_response_log, r.release_time, r.finish_time, r.create_user, r.update_user, ai.app_name, ai.package_name, ai.app_description, av.version_code FROM app_release_record r LEFT JOIN app_info ai ON ai.id = r.app_id LEFT JOIN app_version av ON av.id = r.version_id AND av.app_id = r.app_id WHERE r.release_status = ? ORDER BY r.id ASC
2026-05-29 16:17:59.328 [scheduling-1] DEBUG [] c.a.p.r.A.selectReviewingReleaseRecords - ==> Parameters: auditing(String)
2026-05-29 16:17:59.331 [scheduling-1] DEBUG [] c.a.p.r.A.selectReviewingReleaseRecords - <==      Total: 0
2026-05-29 16:18:59.347 [scheduling-1] DEBUG [] c.a.p.r.A.selectReviewingReleaseRecords - ==>  Preparing: SELECT r.id, r.app_id, r.version_id, r.store_type, r.release_mode, r.release_type, r.gray_percent, r.gray_start_time, r.gray_end_time, r.release_status, r.store_release_id, r.reject_reason, r.api_request_log, r.api_response_log, r.release_time, r.finish_time, r.create_user, r.update_user, ai.app_name, ai.package_name, ai.app_description, av.version_code FROM app_release_record r LEFT JOIN app_info ai ON ai.id = r.app_id LEFT JOIN app_version av ON av.id = r.version_id AND av.app_id = r.app_id WHERE r.release_status = ? ORDER BY r.id ASC
2026-05-29 16:18:59.348 [scheduling-1] DEBUG [] c.a.p.r.A.selectReviewingReleaseRecords - ==> Parameters: auditing(String)
2026-05-29 16:18:59.350 [scheduling-1] DEBUG [] c.a.p.r.A.selectReviewingReleaseRecords - <==      Total: 0
2026-05-29 16:19:59.356 [scheduling-1] DEBUG [] c.a.p.r.A.selectReviewingReleaseRecords - ==>  Preparing: SELECT r.id, r.app_id, r.version_id, r.store_type, r.release_mode, r.release_type, r.gray_percent, r.gray_start_time, r.gray_end_time, r.release_status, r.store_release_id, r.reject_reason, r.api_request_log, r.api_response_log, r.release_time, r.finish_time, r.create_user, r.update_user, ai.app_name, ai.package_name, ai.app_description, av.version_code FROM app_release_record r LEFT JOIN app_info ai ON ai.id = r.app_id LEFT JOIN app_version av ON av.id = r.version_id AND av.app_id = r.app_id WHERE r.release_status = ? ORDER BY r.id ASC
2026-05-29 16:19:59.357 [scheduling-1] DEBUG [] c.a.p.r.A.selectReviewingReleaseRecords - ==> Parameters: auditing(String)
2026-05-29 16:19:59.358 [scheduling-1] DEBUG [] c.a.p.r.A.selectReviewingReleaseRecords - <==      Total: 0
2026-05-29 16:20:59.369 [scheduling-1] DEBUG [] c.a.p.r.A.selectReviewingReleaseRecords - ==>  Preparing: SELECT r.id, r.app_id, r.version_id, r.store_type, r.release_mode, r.release_type, r.gray_percent, r.gray_start_time, r.gray_end_time, r.release_status, r.store_release_id, r.reject_reason, r.api_request_log, r.api_response_log, r.release_time, r.finish_time, r.create_user, r.update_user, ai.app_name, ai.package_name, ai.app_description, av.version_code FROM app_release_record r LEFT JOIN app_info ai ON ai.id = r.app_id LEFT JOIN app_version av ON av.id = r.version_id AND av.app_id = r.app_id WHERE r.release_status = ? ORDER BY r.id ASC
2026-05-29 16:20:59.370 [scheduling-1] DEBUG [] c.a.p.r.A.selectReviewingReleaseRecords - ==> Parameters: auditing(String)
2026-05-29 16:20:59.371 [scheduling-1] DEBUG [] c.a.p.r.A.selectReviewingReleaseRecords - <==      Total: 0
2026-05-29 16:21:59.387 [scheduling-1] DEBUG [] c.a.p.r.A.selectReviewingReleaseRecords - ==>  Preparing: SELECT r.id, r.app_id, r.version_id, r.store_type, r.release_mode, r.release_type, r.gray_percent, r.gray_start_time, r.gray_end_time, r.release_status, r.store_release_id, r.reject_reason, r.api_request_log, r.api_response_log, r.release_time, r.finish_time, r.create_user, r.update_user, ai.app_name, ai.package_name, ai.app_description, av.version_code FROM app_release_record r LEFT JOIN app_info ai ON ai.id = r.app_id LEFT JOIN app_version av ON av.id = r.version_id AND av.app_id = r.app_id WHERE r.release_status = ? ORDER BY r.id ASC
2026-05-29 16:21:59.388 [scheduling-1] DEBUG [] c.a.p.r.A.selectReviewingReleaseRecords - ==> Parameters: auditing(String)
2026-05-29 16:21:59.391 [scheduling-1] DEBUG [] c.a.p.r.A.selectReviewingReleaseRecords - <==      Total: 0
2026-05-29 16:22:59.403 [scheduling-1] DEBUG [] c.a.p.r.A.selectReviewingReleaseRecords - ==>  Preparing: SELECT r.id, r.app_id, r.version_id, r.store_type, r.release_mode, r.release_type, r.gray_percent, r.gray_start_time, r.gray_end_time, r.release_status, r.store_release_id, r.reject_reason, r.api_request_log, r.api_response_log, r.release_time, r.finish_time, r.create_user, r.update_user, ai.app_name, ai.package_name, ai.app_description, av.version_code FROM app_release_record r LEFT JOIN app_info ai ON ai.id = r.app_id LEFT JOIN app_version av ON av.id = r.version_id AND av.app_id = r.app_id WHERE r.release_status = ? ORDER BY r.id ASC
2026-05-29 16:22:59.404 [scheduling-1] DEBUG [] c.a.p.r.A.selectReviewingReleaseRecords - ==> Parameters: auditing(String)
2026-05-29 16:22:59.406 [scheduling-1] DEBUG [] c.a.p.r.A.selectReviewingReleaseRecords - <==      Total: 0
2026-05-29 16:23:59.412 [scheduling-1] DEBUG [] c.a.p.r.A.selectReviewingReleaseRecords - ==>  Preparing: SELECT r.id, r.app_id, r.version_id, r.store_type, r.release_mode, r.release_type, r.gray_percent, r.gray_start_time, r.gray_end_time, r.release_status, r.store_release_id, r.reject_reason, r.api_request_log, r.api_response_log, r.release_time, r.finish_time, r.create_user, r.update_user, ai.app_name, ai.package_name, ai.app_description, av.version_code FROM app_release_record r LEFT JOIN app_info ai ON ai.id = r.app_id LEFT JOIN app_version av ON av.id = r.version_id AND av.app_id = r.app_id WHERE r.release_status = ? ORDER BY r.id ASC
2026-05-29 16:23:59.412 [scheduling-1] DEBUG [] c.a.p.r.A.selectReviewingReleaseRecords - ==> Parameters: auditing(String)
2026-05-29 16:23:59.414 [scheduling-1] DEBUG [] c.a.p.r.A.selectReviewingReleaseRecords - <==      Total: 0
2026-05-29 16:24:59.418 [scheduling-1] DEBUG [] c.a.p.r.A.selectReviewingReleaseRecords - ==>  Preparing: SELECT r.id, r.app_id, r.version_id, r.store_type, r.release_mode, r.release_type, r.gray_percent, r.gray_start_time, r.gray_end_time, r.release_status, r.store_release_id, r.reject_reason, r.api_request_log, r.api_response_log, r.release_time, r.finish_time, r.create_user, r.update_user, ai.app_name, ai.package_name, ai.app_description, av.version_code FROM app_release_record r LEFT JOIN app_info ai ON ai.id = r.app_id LEFT JOIN app_version av ON av.id = r.version_id AND av.app_id = r.app_id WHERE r.release_status = ? ORDER BY r.id ASC
2026-05-29 16:24:59.418 [scheduling-1] DEBUG [] c.a.p.r.A.selectReviewingReleaseRecords - ==> Parameters: auditing(String)
2026-05-29 16:24:59.419 [scheduling-1] DEBUG [] c.a.p.r.A.selectReviewingReleaseRecords - <==      Total: 0
2026-05-29 16:25:59.427 [scheduling-1] DEBUG [] c.a.p.r.A.selectReviewingReleaseRecords - ==>  Preparing: SELECT r.id, r.app_id, r.version_id, r.store_type, r.release_mode, r.release_type, r.gray_percent, r.gray_start_time, r.gray_end_time, r.release_status, r.store_release_id, r.reject_reason, r.api_request_log, r.api_response_log, r.release_time, r.finish_time, r.create_user, r.update_user, ai.app_name, ai.package_name, ai.app_description, av.version_code FROM app_release_record r LEFT JOIN app_info ai ON ai.id = r.app_id LEFT JOIN app_version av ON av.id = r.version_id AND av.app_id = r.app_id WHERE r.release_status = ? ORDER BY r.id ASC
2026-05-29 16:25:59.428 [scheduling-1] DEBUG [] c.a.p.r.A.selectReviewingReleaseRecords - ==> Parameters: auditing(String)
2026-05-29 16:25:59.430 [scheduling-1] DEBUG [] c.a.p.r.A.selectReviewingReleaseRecords - <==      Total: 0
2026-05-29 16:26:59.436 [scheduling-1] DEBUG [] c.a.p.r.A.selectReviewingReleaseRecords - ==>  Preparing: SELECT r.id, r.app_id, r.version_id, r.store_type, r.release_mode, r.release_type, r.gray_percent, r.gray_start_time, r.gray_end_time, r.release_status, r.store_release_id, r.reject_reason, r.api_request_log, r.api_response_log, r.release_time, r.finish_time, r.create_user, r.update_user, ai.app_name, ai.package_name, ai.app_description, av.version_code FROM app_release_record r LEFT JOIN app_info ai ON ai.id = r.app_id LEFT JOIN app_version av ON av.id = r.version_id AND av.app_id = r.app_id WHERE r.release_status = ? ORDER BY r.id ASC
2026-05-29 16:26:59.436 [scheduling-1] DEBUG [] c.a.p.r.A.selectReviewingReleaseRecords - ==> Parameters: auditing(String)
2026-05-29 16:26:59.438 [scheduling-1] DEBUG [] c.a.p.r.A.selectReviewingReleaseRecords - <==      Total: 0
2026-05-29 16:27:59.443 [scheduling-1] DEBUG [] c.a.p.r.A.selectReviewingReleaseRecords - ==>  Preparing: SELECT r.id, r.app_id, r.version_id, r.store_type, r.release_mode, r.release_type, r.gray_percent, r.gray_start_time, r.gray_end_time, r.release_status, r.store_release_id, r.reject_reason, r.api_request_log, r.api_response_log, r.release_time, r.finish_time, r.create_user, r.update_user, ai.app_name, ai.package_name, ai.app_description, av.version_code FROM app_release_record r LEFT JOIN app_info ai ON ai.id = r.app_id LEFT JOIN app_version av ON av.id = r.version_id AND av.app_id = r.app_id WHERE r.release_status = ? ORDER BY r.id ASC
2026-05-29 16:27:59.444 [scheduling-1] DEBUG [] c.a.p.r.A.selectReviewingReleaseRecords - ==> Parameters: auditing(String)
2026-05-29 16:27:59.446 [scheduling-1] DEBUG [] c.a.p.r.A.selectReviewingReleaseRecords - <==      Total: 0
2026-05-29 16:28:59.451 [scheduling-1] DEBUG [] c.a.p.r.A.selectReviewingReleaseRecords - ==>  Preparing: SELECT r.id, r.app_id, r.version_id, r.store_type, r.release_mode, r.release_type, r.gray_percent, r.gray_start_time, r.gray_end_time, r.release_status, r.store_release_id, r.reject_reason, r.api_request_log, r.api_response_log, r.release_time, r.finish_time, r.create_user, r.update_user, ai.app_name, ai.package_name, ai.app_description, av.version_code FROM app_release_record r LEFT JOIN app_info ai ON ai.id = r.app_id LEFT JOIN app_version av ON av.id = r.version_id AND av.app_id = r.app_id WHERE r.release_status = ? ORDER BY r.id ASC
2026-05-29 16:28:59.451 [scheduling-1] DEBUG [] c.a.p.r.A.selectReviewingReleaseRecords - ==> Parameters: auditing(String)
2026-05-29 16:28:59.453 [scheduling-1] DEBUG [] c.a.p.r.A.selectReviewingReleaseRecords - <==      Total: 0
2026-05-29 16:29:59.461 [scheduling-1] DEBUG [] c.a.p.r.A.selectReviewingReleaseRecords - ==>  Preparing: SELECT r.id, r.app_id, r.version_id, r.store_type, r.release_mode, r.release_type, r.gray_percent, r.gray_start_time, r.gray_end_time, r.release_status, r.store_release_id, r.reject_reason, r.api_request_log, r.api_response_log, r.release_time, r.finish_time, r.create_user, r.update_user, ai.app_name, ai.package_name, ai.app_description, av.version_code FROM app_release_record r LEFT JOIN app_info ai ON ai.id = r.app_id LEFT JOIN app_version av ON av.id = r.version_id AND av.app_id = r.app_id WHERE r.release_status = ? ORDER BY r.id ASC
2026-05-29 16:29:59.462 [scheduling-1] DEBUG [] c.a.p.r.A.selectReviewingReleaseRecords - ==> Parameters: auditing(String)
2026-05-29 16:29:59.464 [scheduling-1] DEBUG [] c.a.p.r.A.selectReviewingReleaseRecords - <==      Total: 0
2026-05-29 16:30:59.469 [scheduling-1] DEBUG [] c.a.p.r.A.selectReviewingReleaseRecords - ==>  Preparing: SELECT r.id, r.app_id, r.version_id, r.store_type, r.release_mode, r.release_type, r.gray_percent, r.gray_start_time, r.gray_end_time, r.release_status, r.store_release_id, r.reject_reason, r.api_request_log, r.api_response_log, r.release_time, r.finish_time, r.create_user, r.update_user, ai.app_name, ai.package_name, ai.app_description, av.version_code FROM app_release_record r LEFT JOIN app_info ai ON ai.id = r.app_id LEFT JOIN app_version av ON av.id = r.version_id AND av.app_id = r.app_id WHERE r.release_status = ? ORDER BY r.id ASC
2026-05-29 16:30:59.469 [scheduling-1] DEBUG [] c.a.p.r.A.selectReviewingReleaseRecords - ==> Parameters: auditing(String)
2026-05-29 16:30:59.470 [scheduling-1] DEBUG [] c.a.p.r.A.selectReviewingReleaseRecords - <==      Total: 0
2026-05-29 16:31:59.473 [scheduling-1] DEBUG [] c.a.p.r.A.selectReviewingReleaseRecords - ==>  Preparing: SELECT r.id, r.app_id, r.version_id, r.store_type, r.release_mode, r.release_type, r.gray_percent, r.gray_start_time, r.gray_end_time, r.release_status, r.store_release_id, r.reject_reason, r.api_request_log, r.api_response_log, r.release_time, r.finish_time, r.create_user, r.update_user, ai.app_name, ai.package_name, ai.app_description, av.version_code FROM app_release_record r LEFT JOIN app_info ai ON ai.id = r.app_id LEFT JOIN app_version av ON av.id = r.version_id AND av.app_id = r.app_id WHERE r.release_status = ? ORDER BY r.id ASC
2026-05-29 16:31:59.474 [scheduling-1] DEBUG [] c.a.p.r.A.selectReviewingReleaseRecords - ==> Parameters: auditing(String)
2026-05-29 16:31:59.476 [scheduling-1] DEBUG [] c.a.p.r.A.selectReviewingReleaseRecords - <==      Total: 0
2026-05-29 16:32:59.478 [scheduling-1] DEBUG [] c.a.p.r.A.selectReviewingReleaseRecords - ==>  Preparing: SELECT r.id, r.app_id, r.version_id, r.store_type, r.release_mode, r.release_type, r.gray_percent, r.gray_start_time, r.gray_end_time, r.release_status, r.store_release_id, r.reject_reason, r.api_request_log, r.api_response_log, r.release_time, r.finish_time, r.create_user, r.update_user, ai.app_name, ai.package_name, ai.app_description, av.version_code FROM app_release_record r LEFT JOIN app_info ai ON ai.id = r.app_id LEFT JOIN app_version av ON av.id = r.version_id AND av.app_id = r.app_id WHERE r.release_status = ? ORDER BY r.id ASC
2026-05-29 16:32:59.478 [scheduling-1] DEBUG [] c.a.p.r.A.selectReviewingReleaseRecords - ==> Parameters: auditing(String)
2026-05-29 16:32:59.480 [scheduling-1] DEBUG [] c.a.p.r.A.selectReviewingReleaseRecords - <==      Total: 0
2026-05-29 16:33:59.485 [scheduling-1] DEBUG [] c.a.p.r.A.selectReviewingReleaseRecords - ==>  Preparing: SELECT r.id, r.app_id, r.version_id, r.store_type, r.release_mode, r.release_type, r.gray_percent, r.gray_start_time, r.gray_end_time, r.release_status, r.store_release_id, r.reject_reason, r.api_request_log, r.api_response_log, r.release_time, r.finish_time, r.create_user, r.update_user, ai.app_name, ai.package_name, ai.app_description, av.version_code FROM app_release_record r LEFT JOIN app_info ai ON ai.id = r.app_id LEFT JOIN app_version av ON av.id = r.version_id AND av.app_id = r.app_id WHERE r.release_status = ? ORDER BY r.id ASC
2026-05-29 16:33:59.485 [scheduling-1] DEBUG [] c.a.p.r.A.selectReviewingReleaseRecords - ==> Parameters: auditing(String)
2026-05-29 16:33:59.487 [scheduling-1] DEBUG [] c.a.p.r.A.selectReviewingReleaseRecords - <==      Total: 0
2026-05-29 16:34:59.491 [scheduling-1] DEBUG [] c.a.p.r.A.selectReviewingReleaseRecords - ==>  Preparing: SELECT r.id, r.app_id, r.version_id, r.store_type, r.release_mode, r.release_type, r.gray_percent, r.gray_start_time, r.gray_end_time, r.release_status, r.store_release_id, r.reject_reason, r.api_request_log, r.api_response_log, r.release_time, r.finish_time, r.create_user, r.update_user, ai.app_name, ai.package_name, ai.app_description, av.version_code FROM app_release_record r LEFT JOIN app_info ai ON ai.id = r.app_id LEFT JOIN app_version av ON av.id = r.version_id AND av.app_id = r.app_id WHERE r.release_status = ? ORDER BY r.id ASC
2026-05-29 16:34:59.491 [scheduling-1] DEBUG [] c.a.p.r.A.selectReviewingReleaseRecords - ==> Parameters: auditing(String)
2026-05-29 16:34:59.493 [scheduling-1] DEBUG [] c.a.p.r.A.selectReviewingReleaseRecords - <==      Total: 0
2026-05-29 16:35:59.499 [scheduling-1] DEBUG [] c.a.p.r.A.selectReviewingReleaseRecords - ==>  Preparing: SELECT r.id, r.app_id, r.version_id, r.store_type, r.release_mode, r.release_type, r.gray_percent, r.gray_start_time, r.gray_end_time, r.release_status, r.store_release_id, r.reject_reason, r.api_request_log, r.api_response_log, r.release_time, r.finish_time, r.create_user, r.update_user, ai.app_name, ai.package_name, ai.app_description, av.version_code FROM app_release_record r LEFT JOIN app_info ai ON ai.id = r.app_id LEFT JOIN app_version av ON av.id = r.version_id AND av.app_id = r.app_id WHERE r.release_status = ? ORDER BY r.id ASC
2026-05-29 16:35:59.499 [scheduling-1] DEBUG [] c.a.p.r.A.selectReviewingReleaseRecords - ==> Parameters: auditing(String)
2026-05-29 16:35:59.505 [scheduling-1] DEBUG [] c.a.p.r.A.selectReviewingReleaseRecords - <==      Total: 0
2026-05-29 16:36:59.508 [scheduling-1] DEBUG [] c.a.p.r.A.selectReviewingReleaseRecords - ==>  Preparing: SELECT r.id, r.app_id, r.version_id, r.store_type, r.release_mode, r.release_type, r.gray_percent, r.gray_start_time, r.gray_end_time, r.release_status, r.store_release_id, r.reject_reason, r.api_request_log, r.api_response_log, r.release_time, r.finish_time, r.create_user, r.update_user, ai.app_name, ai.package_name, ai.app_description, av.version_code FROM app_release_record r LEFT JOIN app_info ai ON ai.id = r.app_id LEFT JOIN app_version av ON av.id = r.version_id AND av.app_id = r.app_id WHERE r.release_status = ? ORDER BY r.id ASC
2026-05-29 16:36:59.509 [scheduling-1] DEBUG [] c.a.p.r.A.selectReviewingReleaseRecords - ==> Parameters: auditing(String)
2026-05-29 16:36:59.510 [scheduling-1] DEBUG [] c.a.p.r.A.selectReviewingReleaseRecords - <==      Total: 0
2026-05-29 16:37:59.513 [scheduling-1] DEBUG [] c.a.p.r.A.selectReviewingReleaseRecords - ==>  Preparing: SELECT r.id, r.app_id, r.version_id, r.store_type, r.release_mode, r.release_type, r.gray_percent, r.gray_start_time, r.gray_end_time, r.release_status, r.store_release_id, r.reject_reason, r.api_request_log, r.api_response_log, r.release_time, r.finish_time, r.create_user, r.update_user, ai.app_name, ai.package_name, ai.app_description, av.version_code FROM app_release_record r LEFT JOIN app_info ai ON ai.id = r.app_id LEFT JOIN app_version av ON av.id = r.version_id AND av.app_id = r.app_id WHERE r.release_status = ? ORDER BY r.id ASC
2026-05-29 16:37:59.514 [scheduling-1] DEBUG [] c.a.p.r.A.selectReviewingReleaseRecords - ==> Parameters: auditing(String)
2026-05-29 16:37:59.516 [scheduling-1] DEBUG [] c.a.p.r.A.selectReviewingReleaseRecords - <==      Total: 0
2026-05-29 16:38:59.521 [scheduling-1] DEBUG [] c.a.p.r.A.selectReviewingReleaseRecords - ==>  Preparing: SELECT r.id, r.app_id, r.version_id, r.store_type, r.release_mode, r.release_type, r.gray_percent, r.gray_start_time, r.gray_end_time, r.release_status, r.store_release_id, r.reject_reason, r.api_request_log, r.api_response_log, r.release_time, r.finish_time, r.create_user, r.update_user, ai.app_name, ai.package_name, ai.app_description, av.version_code FROM app_release_record r LEFT JOIN app_info ai ON ai.id = r.app_id LEFT JOIN app_version av ON av.id = r.version_id AND av.app_id = r.app_id WHERE r.release_status = ? ORDER BY r.id ASC
2026-05-29 16:38:59.522 [scheduling-1] DEBUG [] c.a.p.r.A.selectReviewingReleaseRecords - ==> Parameters: auditing(String)
2026-05-29 16:38:59.524 [scheduling-1] DEBUG [] c.a.p.r.A.selectReviewingReleaseRecords - <==      Total: 0
2026-05-29 16:39:59.528 [scheduling-1] DEBUG [] c.a.p.r.A.selectReviewingReleaseRecords - ==>  Preparing: SELECT r.id, r.app_id, r.version_id, r.store_type, r.release_mode, r.release_type, r.gray_percent, r.gray_start_time, r.gray_end_time, r.release_status, r.store_release_id, r.reject_reason, r.api_request_log, r.api_response_log, r.release_time, r.finish_time, r.create_user, r.update_user, ai.app_name, ai.package_name, ai.app_description, av.version_code FROM app_release_record r LEFT JOIN app_info ai ON ai.id = r.app_id LEFT JOIN app_version av ON av.id = r.version_id AND av.app_id = r.app_id WHERE r.release_status = ? ORDER BY r.id ASC
2026-05-29 16:39:59.529 [scheduling-1] DEBUG [] c.a.p.r.A.selectReviewingReleaseRecords - ==> Parameters: auditing(String)
2026-05-29 16:39:59.530 [scheduling-1] DEBUG [] c.a.p.r.A.selectReviewingReleaseRecords - <==      Total: 0
2026-05-29 16:40:59.534 [scheduling-1] DEBUG [] c.a.p.r.A.selectReviewingReleaseRecords - ==>  Preparing: SELECT r.id, r.app_id, r.version_id, r.store_type, r.release_mode, r.release_type, r.gray_percent, r.gray_start_time, r.gray_end_time, r.release_status, r.store_release_id, r.reject_reason, r.api_request_log, r.api_response_log, r.release_time, r.finish_time, r.create_user, r.update_user, ai.app_name, ai.package_name, ai.app_description, av.version_code FROM app_release_record r LEFT JOIN app_info ai ON ai.id = r.app_id LEFT JOIN app_version av ON av.id = r.version_id AND av.app_id = r.app_id WHERE r.release_status = ? ORDER BY r.id ASC
2026-05-29 16:40:59.534 [scheduling-1] DEBUG [] c.a.p.r.A.selectReviewingReleaseRecords - ==> Parameters: auditing(String)
2026-05-29 16:40:59.536 [scheduling-1] DEBUG [] c.a.p.r.A.selectReviewingReleaseRecords - <==      Total: 0
2026-05-29 16:41:59.540 [scheduling-1] DEBUG [] c.a.p.r.A.selectReviewingReleaseRecords - ==>  Preparing: SELECT r.id, r.app_id, r.version_id, r.store_type, r.release_mode, r.release_type, r.gray_percent, r.gray_start_time, r.gray_end_time, r.release_status, r.store_release_id, r.reject_reason, r.api_request_log, r.api_response_log, r.release_time, r.finish_time, r.create_user, r.update_user, ai.app_name, ai.package_name, ai.app_description, av.version_code FROM app_release_record r LEFT JOIN app_info ai ON ai.id = r.app_id LEFT JOIN app_version av ON av.id = r.version_id AND av.app_id = r.app_id WHERE r.release_status = ? ORDER BY r.id ASC
2026-05-29 16:41:59.540 [scheduling-1] DEBUG [] c.a.p.r.A.selectReviewingReleaseRecords - ==> Parameters: auditing(String)
2026-05-29 16:41:59.541 [scheduling-1] DEBUG [] c.a.p.r.A.selectReviewingReleaseRecords - <==      Total: 0
2026-05-29 16:42:59.546 [scheduling-1] DEBUG [] c.a.p.r.A.selectReviewingReleaseRecords - ==>  Preparing: SELECT r.id, r.app_id, r.version_id, r.store_type, r.release_mode, r.release_type, r.gray_percent, r.gray_start_time, r.gray_end_time, r.release_status, r.store_release_id, r.reject_reason, r.api_request_log, r.api_response_log, r.release_time, r.finish_time, r.create_user, r.update_user, ai.app_name, ai.package_name, ai.app_description, av.version_code FROM app_release_record r LEFT JOIN app_info ai ON ai.id = r.app_id LEFT JOIN app_version av ON av.id = r.version_id AND av.app_id = r.app_id WHERE r.release_status = ? ORDER BY r.id ASC
2026-05-29 16:42:59.547 [scheduling-1] DEBUG [] c.a.p.r.A.selectReviewingReleaseRecords - ==> Parameters: auditing(String)
2026-05-29 16:42:59.549 [scheduling-1] DEBUG [] c.a.p.r.A.selectReviewingReleaseRecords - <==      Total: 0
2026-05-29 16:43:59.554 [scheduling-1] DEBUG [] c.a.p.r.A.selectReviewingReleaseRecords - ==>  Preparing: SELECT r.id, r.app_id, r.version_id, r.store_type, r.release_mode, r.release_type, r.gray_percent, r.gray_start_time, r.gray_end_time, r.release_status, r.store_release_id, r.reject_reason, r.api_request_log, r.api_response_log, r.release_time, r.finish_time, r.create_user, r.update_user, ai.app_name, ai.package_name, ai.app_description, av.version_code FROM app_release_record r LEFT JOIN app_info ai ON ai.id = r.app_id LEFT JOIN app_version av ON av.id = r.version_id AND av.app_id = r.app_id WHERE r.release_status = ? ORDER BY r.id ASC
2026-05-29 16:43:59.554 [scheduling-1] DEBUG [] c.a.p.r.A.selectReviewingReleaseRecords - ==> Parameters: auditing(String)
2026-05-29 16:43:59.555 [scheduling-1] DEBUG [] c.a.p.r.A.selectReviewingReleaseRecords - <==      Total: 0
2026-05-29 16:44:59.558 [scheduling-1] DEBUG [] c.a.p.r.A.selectReviewingReleaseRecords - ==>  Preparing: SELECT r.id, r.app_id, r.version_id, r.store_type, r.release_mode, r.release_type, r.gray_percent, r.gray_start_time, r.gray_end_time, r.release_status, r.store_release_id, r.reject_reason, r.api_request_log, r.api_response_log, r.release_time, r.finish_time, r.create_user, r.update_user, ai.app_name, ai.package_name, ai.app_description, av.version_code FROM app_release_record r LEFT JOIN app_info ai ON ai.id = r.app_id LEFT JOIN app_version av ON av.id = r.version_id AND av.app_id = r.app_id WHERE r.release_status = ? ORDER BY r.id ASC
2026-05-29 16:44:59.559 [scheduling-1] DEBUG [] c.a.p.r.A.selectReviewingReleaseRecords - ==> Parameters: auditing(String)
2026-05-29 16:44:59.560 [scheduling-1] DEBUG [] c.a.p.r.A.selectReviewingReleaseRecords - <==      Total: 0
2026-05-29 16:45:59.563 [scheduling-1] DEBUG [] c.a.p.r.A.selectReviewingReleaseRecords - ==>  Preparing: SELECT r.id, r.app_id, r.version_id, r.store_type, r.release_mode, r.release_type, r.gray_percent, r.gray_start_time, r.gray_end_time, r.release_status, r.store_release_id, r.reject_reason, r.api_request_log, r.api_response_log, r.release_time, r.finish_time, r.create_user, r.update_user, ai.app_name, ai.package_name, ai.app_description, av.version_code FROM app_release_record r LEFT JOIN app_info ai ON ai.id = r.app_id LEFT JOIN app_version av ON av.id = r.version_id AND av.app_id = r.app_id WHERE r.release_status = ? ORDER BY r.id ASC
2026-05-29 16:45:59.563 [scheduling-1] DEBUG [] c.a.p.r.A.selectReviewingReleaseRecords - ==> Parameters: auditing(String)
2026-05-29 16:45:59.564 [scheduling-1] DEBUG [] c.a.p.r.A.selectReviewingReleaseRecords - <==      Total: 0
2026-05-29 16:46:59.568 [scheduling-1] DEBUG [] c.a.p.r.A.selectReviewingReleaseRecords - ==>  Preparing: SELECT r.id, r.app_id, r.version_id, r.store_type, r.release_mode, r.release_type, r.gray_percent, r.gray_start_time, r.gray_end_time, r.release_status, r.store_release_id, r.reject_reason, r.api_request_log, r.api_response_log, r.release_time, r.finish_time, r.create_user, r.update_user, ai.app_name, ai.package_name, ai.app_description, av.version_code FROM app_release_record r LEFT JOIN app_info ai ON ai.id = r.app_id LEFT JOIN app_version av ON av.id = r.version_id AND av.app_id = r.app_id WHERE r.release_status = ? ORDER BY r.id ASC
2026-05-29 16:46:59.568 [scheduling-1] DEBUG [] c.a.p.r.A.selectReviewingReleaseRecords - ==> Parameters: auditing(String)
2026-05-29 16:46:59.570 [scheduling-1] DEBUG [] c.a.p.r.A.selectReviewingReleaseRecords - <==      Total: 0
2026-05-29 16:47:59.573 [scheduling-1] DEBUG [] c.a.p.r.A.selectReviewingReleaseRecords - ==>  Preparing: SELECT r.id, r.app_id, r.version_id, r.store_type, r.release_mode, r.release_type, r.gray_percent, r.gray_start_time, r.gray_end_time, r.release_status, r.store_release_id, r.reject_reason, r.api_request_log, r.api_response_log, r.release_time, r.finish_time, r.create_user, r.update_user, ai.app_name, ai.package_name, ai.app_description, av.version_code FROM app_release_record r LEFT JOIN app_info ai ON ai.id = r.app_id LEFT JOIN app_version av ON av.id = r.version_id AND av.app_id = r.app_id WHERE r.release_status = ? ORDER BY r.id ASC
2026-05-29 16:47:59.573 [scheduling-1] DEBUG [] c.a.p.r.A.selectReviewingReleaseRecords - ==> Parameters: auditing(String)
2026-05-29 16:47:59.575 [scheduling-1] DEBUG [] c.a.p.r.A.selectReviewingReleaseRecords - <==      Total: 0
2026-05-29 16:48:59.579 [scheduling-1] DEBUG [] c.a.p.r.A.selectReviewingReleaseRecords - ==>  Preparing: SELECT r.id, r.app_id, r.version_id, r.store_type, r.release_mode, r.release_type, r.gray_percent, r.gray_start_time, r.gray_end_time, r.release_status, r.store_release_id, r.reject_reason, r.api_request_log, r.api_response_log, r.release_time, r.finish_time, r.create_user, r.update_user, ai.app_name, ai.package_name, ai.app_description, av.version_code FROM app_release_record r LEFT JOIN app_info ai ON ai.id = r.app_id LEFT JOIN app_version av ON av.id = r.version_id AND av.app_id = r.app_id WHERE r.release_status = ? ORDER BY r.id ASC
2026-05-29 16:48:59.579 [scheduling-1] DEBUG [] c.a.p.r.A.selectReviewingReleaseRecords - ==> Parameters: auditing(String)
2026-05-29 16:48:59.580 [scheduling-1] DEBUG [] c.a.p.r.A.selectReviewingReleaseRecords - <==      Total: 0
2026-05-29 16:49:59.584 [scheduling-1] DEBUG [] c.a.p.r.A.selectReviewingReleaseRecords - ==>  Preparing: SELECT r.id, r.app_id, r.version_id, r.store_type, r.release_mode, r.release_type, r.gray_percent, r.gray_start_time, r.gray_end_time, r.release_status, r.store_release_id, r.reject_reason, r.api_request_log, r.api_response_log, r.release_time, r.finish_time, r.create_user, r.update_user, ai.app_name, ai.package_name, ai.app_description, av.version_code FROM app_release_record r LEFT JOIN app_info ai ON ai.id = r.app_id LEFT JOIN app_version av ON av.id = r.version_id AND av.app_id = r.app_id WHERE r.release_status = ? ORDER BY r.id ASC
2026-05-29 16:49:59.584 [scheduling-1] DEBUG [] c.a.p.r.A.selectReviewingReleaseRecords - ==> Parameters: auditing(String)
2026-05-29 16:49:59.585 [scheduling-1] DEBUG [] c.a.p.r.A.selectReviewingReleaseRecords - <==      Total: 0
2026-05-29 16:50:59.590 [scheduling-1] DEBUG [] c.a.p.r.A.selectReviewingReleaseRecords - ==>  Preparing: SELECT r.id, r.app_id, r.version_id, r.store_type, r.release_mode, r.release_type, r.gray_percent, r.gray_start_time, r.gray_end_time, r.release_status, r.store_release_id, r.reject_reason, r.api_request_log, r.api_response_log, r.release_time, r.finish_time, r.create_user, r.update_user, ai.app_name, ai.package_name, ai.app_description, av.version_code FROM app_release_record r LEFT JOIN app_info ai ON ai.id = r.app_id LEFT JOIN app_version av ON av.id = r.version_id AND av.app_id = r.app_id WHERE r.release_status = ? ORDER BY r.id ASC
2026-05-29 16:50:59.590 [scheduling-1] DEBUG [] c.a.p.r.A.selectReviewingReleaseRecords - ==> Parameters: auditing(String)
2026-05-29 16:50:59.592 [scheduling-1] DEBUG [] c.a.p.r.A.selectReviewingReleaseRecords - <==      Total: 0
2026-05-29 16:51:59.595 [scheduling-1] DEBUG [] c.a.p.r.A.selectReviewingReleaseRecords - ==>  Preparing: SELECT r.id, r.app_id, r.version_id, r.store_type, r.release_mode, r.release_type, r.gray_percent, r.gray_start_time, r.gray_end_time, r.release_status, r.store_release_id, r.reject_reason, r.api_request_log, r.api_response_log, r.release_time, r.finish_time, r.create_user, r.update_user, ai.app_name, ai.package_name, ai.app_description, av.version_code FROM app_release_record r LEFT JOIN app_info ai ON ai.id = r.app_id LEFT JOIN app_version av ON av.id = r.version_id AND av.app_id = r.app_id WHERE r.release_status = ? ORDER BY r.id ASC
2026-05-29 16:51:59.595 [scheduling-1] DEBUG [] c.a.p.r.A.selectReviewingReleaseRecords - ==> Parameters: auditing(String)
2026-05-29 16:51:59.596 [scheduling-1] DEBUG [] c.a.p.r.A.selectReviewingReleaseRecords - <==      Total: 0
2026-05-29 16:52:59.600 [scheduling-1] DEBUG [] c.a.p.r.A.selectReviewingReleaseRecords - ==>  Preparing: SELECT r.id, r.app_id, r.version_id, r.store_type, r.release_mode, r.release_type, r.gray_percent, r.gray_start_time, r.gray_end_time, r.release_status, r.store_release_id, r.reject_reason, r.api_request_log, r.api_response_log, r.release_time, r.finish_time, r.create_user, r.update_user, ai.app_name, ai.package_name, ai.app_description, av.version_code FROM app_release_record r LEFT JOIN app_info ai ON ai.id = r.app_id LEFT JOIN app_version av ON av.id = r.version_id AND av.app_id = r.app_id WHERE r.release_status = ? ORDER BY r.id ASC
2026-05-29 16:52:59.600 [scheduling-1] DEBUG [] c.a.p.r.A.selectReviewingReleaseRecords - ==> Parameters: auditing(String)
2026-05-29 16:52:59.602 [scheduling-1] DEBUG [] c.a.p.r.A.selectReviewingReleaseRecords - <==      Total: 0
2026-05-29 16:53:59.606 [scheduling-1] DEBUG [] c.a.p.r.A.selectReviewingReleaseRecords - ==>  Preparing: SELECT r.id, r.app_id, r.version_id, r.store_type, r.release_mode, r.release_type, r.gray_percent, r.gray_start_time, r.gray_end_time, r.release_status, r.store_release_id, r.reject_reason, r.api_request_log, r.api_response_log, r.release_time, r.finish_time, r.create_user, r.update_user, ai.app_name, ai.package_name, ai.app_description, av.version_code FROM app_release_record r LEFT JOIN app_info ai ON ai.id = r.app_id LEFT JOIN app_version av ON av.id = r.version_id AND av.app_id = r.app_id WHERE r.release_status = ? ORDER BY r.id ASC
2026-05-29 16:53:59.606 [scheduling-1] DEBUG [] c.a.p.r.A.selectReviewingReleaseRecords - ==> Parameters: auditing(String)
2026-05-29 16:53:59.607 [scheduling-1] DEBUG [] c.a.p.r.A.selectReviewingReleaseRecords - <==      Total: 0
2026-05-29 16:54:59.612 [scheduling-1] DEBUG [] c.a.p.r.A.selectReviewingReleaseRecords - ==>  Preparing: SELECT r.id, r.app_id, r.version_id, r.store_type, r.release_mode, r.release_type, r.gray_percent, r.gray_start_time, r.gray_end_time, r.release_status, r.store_release_id, r.reject_reason, r.api_request_log, r.api_response_log, r.release_time, r.finish_time, r.create_user, r.update_user, ai.app_name, ai.package_name, ai.app_description, av.version_code FROM app_release_record r LEFT JOIN app_info ai ON ai.id = r.app_id LEFT JOIN app_version av ON av.id = r.version_id AND av.app_id = r.app_id WHERE r.release_status = ? ORDER BY r.id ASC
2026-05-29 16:54:59.612 [scheduling-1] DEBUG [] c.a.p.r.A.selectReviewingReleaseRecords - ==> Parameters: auditing(String)
2026-05-29 16:54:59.614 [scheduling-1] DEBUG [] c.a.p.r.A.selectReviewingReleaseRecords - <==      Total: 0
2026-05-29 16:55:59.616 [scheduling-1] DEBUG [] c.a.p.r.A.selectReviewingReleaseRecords - ==>  Preparing: SELECT r.id, r.app_id, r.version_id, r.store_type, r.release_mode, r.release_type, r.gray_percent, r.gray_start_time, r.gray_end_time, r.release_status, r.store_release_id, r.reject_reason, r.api_request_log, r.api_response_log, r.release_time, r.finish_time, r.create_user, r.update_user, ai.app_name, ai.package_name, ai.app_description, av.version_code FROM app_release_record r LEFT JOIN app_info ai ON ai.id = r.app_id LEFT JOIN app_version av ON av.id = r.version_id AND av.app_id = r.app_id WHERE r.release_status = ? ORDER BY r.id ASC
2026-05-29 16:55:59.616 [scheduling-1] DEBUG [] c.a.p.r.A.selectReviewingReleaseRecords - ==> Parameters: auditing(String)
2026-05-29 16:55:59.617 [scheduling-1] DEBUG [] c.a.p.r.A.selectReviewingReleaseRecords - <==      Total: 0
2026-05-29 16:56:59.620 [scheduling-1] DEBUG [] c.a.p.r.A.selectReviewingReleaseRecords - ==>  Preparing: SELECT r.id, r.app_id, r.version_id, r.store_type, r.release_mode, r.release_type, r.gray_percent, r.gray_start_time, r.gray_end_time, r.release_status, r.store_release_id, r.reject_reason, r.api_request_log, r.api_response_log, r.release_time, r.finish_time, r.create_user, r.update_user, ai.app_name, ai.package_name, ai.app_description, av.version_code FROM app_release_record r LEFT JOIN app_info ai ON ai.id = r.app_id LEFT JOIN app_version av ON av.id = r.version_id AND av.app_id = r.app_id WHERE r.release_status = ? ORDER BY r.id ASC
2026-05-29 16:56:59.620 [scheduling-1] DEBUG [] c.a.p.r.A.selectReviewingReleaseRecords - ==> Parameters: auditing(String)
2026-05-29 16:56:59.621 [scheduling-1] DEBUG [] c.a.p.r.A.selectReviewingReleaseRecords - <==      Total: 0
2026-05-29 16:57:59.626 [scheduling-1] DEBUG [] c.a.p.r.A.selectReviewingReleaseRecords - ==>  Preparing: SELECT r.id, r.app_id, r.version_id, r.store_type, r.release_mode, r.release_type, r.gray_percent, r.gray_start_time, r.gray_end_time, r.release_status, r.store_release_id, r.reject_reason, r.api_request_log, r.api_response_log, r.release_time, r.finish_time, r.create_user, r.update_user, ai.app_name, ai.package_name, ai.app_description, av.version_code FROM app_release_record r LEFT JOIN app_info ai ON ai.id = r.app_id LEFT JOIN app_version av ON av.id = r.version_id AND av.app_id = r.app_id WHERE r.release_status = ? ORDER BY r.id ASC
2026-05-29 16:57:59.627 [scheduling-1] DEBUG [] c.a.p.r.A.selectReviewingReleaseRecords - ==> Parameters: auditing(String)
2026-05-29 16:57:59.630 [scheduling-1] DEBUG [] c.a.p.r.A.selectReviewingReleaseRecords - <==      Total: 0
2026-05-29 16:58:57.718 [main] DEBUG [] o.apache.ibatis.logging.LogFactory - Logging initialized using 'class org.apache.ibatis.logging.slf4j.Slf4jImpl' adapter.
2026-05-29 16:58:58.241 [main] DEBUG [] o.apache.ibatis.logging.LogFactory - Logging initialized using 'class org.apache.ibatis.logging.slf4j.Slf4jImpl' adapter.
2026-05-29 16:58:59.373 [scheduling-1] DEBUG [] c.a.p.r.A.selectReviewingReleaseRecords - ==>  Preparing: SELECT r.id, r.app_id, r.version_id, r.store_type, r.release_mode, r.release_type, r.gray_percent, r.gray_start_time, r.gray_end_time, r.release_status, r.store_release_id, r.reject_reason, r.api_request_log, r.api_response_log, r.release_time, r.finish_time, r.create_user, r.update_user, ai.app_name, ai.package_name, ai.app_description, av.version_code FROM app_release_record r LEFT JOIN app_info ai ON ai.id = r.app_id LEFT JOIN app_version av ON av.id = r.version_id AND av.app_id = r.app_id WHERE r.release_status = ? ORDER BY r.id ASC
2026-05-29 16:58:59.388 [scheduling-1] DEBUG [] c.a.p.r.A.selectReviewingReleaseRecords - ==> Parameters: auditing(String)
2026-05-29 16:58:59.408 [scheduling-1] DEBUG [] c.a.p.r.A.selectReviewingReleaseRecords - <==      Total: 0
2026-05-29 16:59:59.414 [scheduling-1] DEBUG [] c.a.p.r.A.selectReviewingReleaseRecords - ==>  Preparing: SELECT r.id, r.app_id, r.version_id, r.store_type, r.release_mode, r.release_type, r.gray_percent, r.gray_start_time, r.gray_end_time, r.release_status, r.store_release_id, r.reject_reason, r.api_request_log, r.api_response_log, r.release_time, r.finish_time, r.create_user, r.update_user, ai.app_name, ai.package_name, ai.app_description, av.version_code FROM app_release_record r LEFT JOIN app_info ai ON ai.id = r.app_id LEFT JOIN app_version av ON av.id = r.version_id AND av.app_id = r.app_id WHERE r.release_status = ? ORDER BY r.id ASC
2026-05-29 16:59:59.415 [scheduling-1] DEBUG [] c.a.p.r.A.selectReviewingReleaseRecords - ==> Parameters: auditing(String)
2026-05-29 16:59:59.416 [scheduling-1] DEBUG [] c.a.p.r.A.selectReviewingReleaseRecords - <==      Total: 0
