2026-06-16 15:34:01.513 [background-preinit] INFO  [] o.h.validator.internal.util.Version - HV000001: Hibernate Validator 8.0.1.Final
2026-06-16 15:34:01.570 [main] INFO  [] c.a.p.api.QueryApiIntegrationTest - Starting QueryApiIntegrationTest using Java 21.0.10 with PID 4460 (started by 86159 in D:\app_publish)
2026-06-16 15:34:01.571 [main] INFO  [] c.a.p.api.QueryApiIntegrationTest - The following 1 profile is active: "test"
2026-06-16 15:34:03.439 [main] INFO  [] com.zaxxer.hikari.HikariDataSource - HikariPool-1 - Starting...
2026-06-16 15:34:03.708 [main] INFO  [] com.zaxxer.hikari.pool.HikariPool - HikariPool-1 - Added connection conn0: url=jdbc:h2:mem:app_publish user=SA
2026-06-16 15:34:03.710 [main] INFO  [] com.zaxxer.hikari.HikariDataSource - HikariPool-1 - Start completed.
2026-06-16 15:34:18.746 [main] INFO  [] o.s.b.t.m.w.SpringBootMockServletContext - Initializing Spring TestDispatcherServlet ''
2026-06-16 15:34:18.747 [main] INFO  [] o.s.t.w.s.TestDispatcherServlet - Initializing Servlet ''
2026-06-16 15:34:18.749 [main] INFO  [] o.s.t.w.s.TestDispatcherServlet - Completed initialization in 1 ms
2026-06-16 15:34:18.807 [main] INFO  [] c.a.p.api.QueryApiIntegrationTest - Started QueryApiIntegrationTest in 17.689 seconds (process running for 18.999)
2026-06-16 15:34:19.020 [scheduling-1] INFO  [] c.a.p.s.ReleaseOrchestrationService - Start polling audit results, pendingCount=0
2026-06-16 15:34:20.226 [main] INFO  [e067ededc77a473db4ead2c68ee1e3a1] c.a.p.filter.RequestLoggingFilter - HTTP request start, method=GET, uri=/openapi.yaml, clientIp=127.0.0.1
2026-06-16 15:34:20.276 [main] INFO  [e067ededc77a473db4ead2c68ee1e3a1] c.a.p.filter.RequestLoggingFilter - HTTP request end, method=GET, uri=/openapi.yaml, status=200, durationMs=52
2026-06-16 15:34:20.298 [main] INFO  [046b75523aa149808c826f0512e6e96b] c.a.p.filter.RequestLoggingFilter - HTTP request start, method=GET, uri=/swagger-ui.html, clientIp=127.0.0.1
2026-06-16 15:34:20.340 [main] INFO  [046b75523aa149808c826f0512e6e96b] c.a.p.filter.RequestLoggingFilter - HTTP request end, method=GET, uri=/swagger-ui.html, status=302, durationMs=42
2026-06-16 15:34:20.449 [main] INFO  [da3afd7939384ff8825acae07363db4e] c.a.p.filter.RequestLoggingFilter - HTTP request start, method=PUT, uri=/api/apps/1, clientIp=127.0.0.1
2026-06-16 15:34:20.618 [main] INFO  [da3afd7939384ff8825acae07363db4e] c.a.p.filter.RequestLoggingFilter - HTTP request end, method=PUT, uri=/api/apps/1, status=200, durationMs=169
2026-06-16 15:34:20.653 [main] INFO  [725c95d167cf49e58209b69267153f15] c.a.p.filter.RequestLoggingFilter - HTTP request start, method=GET, uri=/api/store-configs/1, clientIp=127.0.0.1
2026-06-16 15:34:20.660 [main] INFO  [725c95d167cf49e58209b69267153f15] c.a.p.filter.RequestLoggingFilter - HTTP request end, method=GET, uri=/api/store-configs/1, status=200, durationMs=7
2026-06-16 15:34:20.661 [main] INFO  [6ae6b22a9ae949a2b16497726b3a8574] c.a.p.filter.RequestLoggingFilter - HTTP request start, method=PUT, uri=/api/store-configs/1, clientIp=127.0.0.1
2026-06-16 15:34:20.685 [main] INFO  [6ae6b22a9ae949a2b16497726b3a8574] c.a.p.filter.RequestLoggingFilter - HTTP request end, method=PUT, uri=/api/store-configs/1, status=200, durationMs=24
2026-06-16 15:34:20.686 [main] INFO  [b14242dc138c40b7988bd48ed6bc5657] c.a.p.filter.RequestLoggingFilter - HTTP request start, method=PUT, uri=/api/store-configs/1/status, clientIp=127.0.0.1
2026-06-16 15:34:20.697 [main] INFO  [b14242dc138c40b7988bd48ed6bc5657] c.a.p.filter.RequestLoggingFilter - HTTP request end, method=PUT, uri=/api/store-configs/1/status, status=200, durationMs=11
2026-06-16 15:34:20.698 [main] INFO  [d06859a9c20a44c8b553e6b772c1e27f] c.a.p.filter.RequestLoggingFilter - HTTP request start, method=PUT, uri=/api/store-configs/1/status, clientIp=127.0.0.1
2026-06-16 15:34:20.704 [main] INFO  [d06859a9c20a44c8b553e6b772c1e27f] c.a.p.filter.RequestLoggingFilter - HTTP request end, method=PUT, uri=/api/store-configs/1/status, status=200, durationMs=6
2026-06-16 15:34:20.705 [main] INFO  [a47cae3d4ec84b558e06e076e0e32306] c.a.p.filter.RequestLoggingFilter - HTTP request start, method=POST, uri=/api/store-configs, clientIp=127.0.0.1
2026-06-16 15:34:20.713 [main] INFO  [a47cae3d4ec84b558e06e076e0e32306] c.a.p.filter.RequestLoggingFilter - HTTP request end, method=POST, uri=/api/store-configs, status=200, durationMs=8
2026-06-16 15:34:20.717 [main] INFO  [] c.a.p.service.PackageVersionService - Start package upload, appId=1, fileName=demo-query-1.0.1-build101.apk
2026-06-16 15:34:20.743 [main] INFO  [] c.a.p.service.PackageVersionService - Package upload success, appId=1, versionId=1, versionName=1.0.1, versionCode=release-101, packageType=apk
2026-06-16 15:34:20.744 [main] INFO  [] c.a.p.s.ReleaseOrchestrationService - Start release submit, versionId=1, releaseMode=api, stores=[huawei]
2026-06-16 15:34:20.753 [main] INFO  [] c.a.p.s.ReleaseOrchestrationService - Release record created, releaseId=1, appId=1, versionId=1, storeType=huawei
2026-06-16 15:34:20.772 [release-submit-1] INFO  [] c.a.p.service.TokenService - Refresh token, storeConfigId=1, storeType=huawei
2026-06-16 15:34:20.773 [release-submit-1] INFO  [] c.a.p.s.AbstractStorePlatformPublisher - Use mock huawei token refresh, storeConfigId=1
2026-06-16 15:34:20.776 [release-submit-1] INFO  [] c.a.p.service.TokenService - Token refreshed, storeConfigId=1, storeType=huawei, expireTime=2026-06-18T15:34:20.773389200
2026-06-16 15:34:20.794 [release-submit-1] ERROR [] c.a.p.s.ReleaseOrchestrationService - Submit review failed, releaseId=1, storeType=huawei
java.lang.IllegalArgumentException: URI with undefined scheme
	at java.net.http/jdk.internal.net.http.common.Utils.newIAE(Utils.java:350)
	at java.net.http/jdk.internal.net.http.HttpRequestBuilderImpl.checkURI(HttpRequestBuilderImpl.java:79)
	at java.net.http/jdk.internal.net.http.HttpRequestBuilderImpl.uri(HttpRequestBuilderImpl.java:71)
	at java.net.http/jdk.internal.net.http.HttpRequestBuilderImpl.uri(HttpRequestBuilderImpl.java:43)
	at org.springframework.http.client.JdkClientHttpRequest.buildRequest(JdkClientHttpRequest.java:137)
	at org.springframework.http.client.JdkClientHttpRequest.executeInternal(JdkClientHttpRequest.java:96)
	at org.springframework.http.client.AbstractStreamingClientHttpRequest.executeInternal(AbstractStreamingClientHttpRequest.java:70)
	at org.springframework.http.client.AbstractClientHttpRequest.execute(AbstractClientHttpRequest.java:66)
	at org.springframework.web.client.DefaultRestClient$DefaultRequestBodyUriSpec.exchangeInternal(DefaultRestClient.java:492)
	at org.springframework.web.client.DefaultRestClient$DefaultRequestBodyUriSpec.retrieve(DefaultRestClient.java:458)
	at com.app.publishservice.service.HuaweiStorePlatformPublisher.lambda$uploadHuaweiFile$6(HuaweiStorePlatformPublisher.java:344)
	at com.app.publishservice.service.AbstractStorePlatformPublisher.executeStoreRequest(AbstractStorePlatformPublisher.java:253)
	at com.app.publishservice.service.AbstractStorePlatformPublisher.executeStoreRequest(AbstractStorePlatformPublisher.java:247)
	at com.app.publishservice.service.HuaweiStorePlatformPublisher.uploadHuaweiFile(HuaweiStorePlatformPublisher.java:331)
	at com.app.publishservice.service.HuaweiStorePlatformPublisher.uploadHuaweiPackages(HuaweiStorePlatformPublisher.java:258)
	at com.app.publishservice.service.HuaweiStorePlatformPublisher.submitHuaweiRelease(HuaweiStorePlatformPublisher.java:126)
	at com.app.publishservice.service.HuaweiStorePlatformPublisher.submitRelease(HuaweiStorePlatformPublisher.java:104)
	at com.app.publishservice.service.ConfigurableStorePublisher.submitRelease(ConfigurableStorePublisher.java:54)
	at com.app.publishservice.service.ReleaseOrchestrationService.submitToStore(ReleaseOrchestrationService.java:186)
	at com.app.publishservice.service.ReleaseOrchestrationService.lambda$scheduleStoreSubmit$2(ReleaseOrchestrationService.java:167)
	at java.base/java.util.concurrent.CompletableFuture$AsyncSupply.run(CompletableFuture.java:1768)
	at java.base/java.util.concurrent.ThreadPoolExecutor.runWorker(ThreadPoolExecutor.java:1144)
	at java.base/java.util.concurrent.ThreadPoolExecutor$Worker.run(ThreadPoolExecutor.java:642)
	at java.base/java.lang.Thread.run(Thread.java:1583)
2026-06-16 15:34:20.798 [main] INFO  [7ac070003be741c58f5c136240a28124] c.a.p.filter.RequestLoggingFilter - HTTP request start, method=GET, uri=/api/apps, clientIp=127.0.0.1
2026-06-16 15:34:20.816 [main] INFO  [7ac070003be741c58f5c136240a28124] c.a.p.filter.RequestLoggingFilter - HTTP request end, method=GET, uri=/api/apps, status=200, durationMs=18
2026-06-16 15:34:20.825 [main] INFO  [2c4d35ebfe404df297c6433adfbf41ea] c.a.p.filter.RequestLoggingFilter - HTTP request start, method=GET, uri=/api/apps/1, clientIp=127.0.0.1
2026-06-16 15:34:20.835 [main] INFO  [2c4d35ebfe404df297c6433adfbf41ea] c.a.p.filter.RequestLoggingFilter - HTTP request end, method=GET, uri=/api/apps/1, status=200, durationMs=10
2026-06-16 15:34:20.841 [main] INFO  [abce53f32273417a96e399f7127f379a] c.a.p.filter.RequestLoggingFilter - HTTP request start, method=GET, uri=/api/store-configs, clientIp=127.0.0.1
2026-06-16 15:34:20.936 [main] INFO  [abce53f32273417a96e399f7127f379a] c.a.p.filter.RequestLoggingFilter - HTTP request end, method=GET, uri=/api/store-configs, status=200, durationMs=95
2026-06-16 15:34:20.938 [main] INFO  [b2c0edccdae145c88c2c914ca8c25f59] c.a.p.filter.RequestLoggingFilter - HTTP request start, method=GET, uri=/api/apps/1/versions, clientIp=127.0.0.1
2026-06-16 15:34:20.945 [main] INFO  [b2c0edccdae145c88c2c914ca8c25f59] c.a.p.filter.RequestLoggingFilter - HTTP request end, method=GET, uri=/api/apps/1/versions, status=200, durationMs=7
2026-06-16 15:34:20.948 [main] INFO  [0591079ca86f453b9c7d329411130c52] c.a.p.filter.RequestLoggingFilter - HTTP request start, method=GET, uri=/api/apps/1/versions/1, clientIp=127.0.0.1
2026-06-16 15:34:20.953 [main] INFO  [0591079ca86f453b9c7d329411130c52] c.a.p.filter.RequestLoggingFilter - HTTP request end, method=GET, uri=/api/apps/1/versions/1, status=200, durationMs=6
2026-06-16 15:34:20.954 [main] INFO  [cb544d81a87b4ee5b40448939c2d55a8] c.a.p.filter.RequestLoggingFilter - HTTP request start, method=GET, uri=/api/releases, clientIp=127.0.0.1
2026-06-16 15:34:21.003 [main] INFO  [cb544d81a87b4ee5b40448939c2d55a8] c.a.p.filter.RequestLoggingFilter - HTTP request end, method=GET, uri=/api/releases, status=200, durationMs=49
2026-06-16 15:34:21.005 [main] INFO  [25a1790cfacd40fe9e84e19366f40cbf] c.a.p.filter.RequestLoggingFilter - HTTP request start, method=GET, uri=/api/releases/1, clientIp=127.0.0.1
2026-06-16 15:34:21.010 [main] INFO  [25a1790cfacd40fe9e84e19366f40cbf] c.a.p.filter.RequestLoggingFilter - HTTP request end, method=GET, uri=/api/releases/1, status=200, durationMs=5
2026-06-16 15:34:21.015 [main] INFO  [f7be5d3cb9d64c82b9704d021b82c2c1] c.a.p.filter.RequestLoggingFilter - HTTP request start, method=DELETE, uri=/api/store-configs/2, clientIp=127.0.0.1
2026-06-16 15:34:21.025 [main] INFO  [f7be5d3cb9d64c82b9704d021b82c2c1] c.a.p.filter.RequestLoggingFilter - HTTP request end, method=DELETE, uri=/api/store-configs/2, status=200, durationMs=10
2026-06-16 15:34:21.027 [main] INFO  [e9a172da48ef49ee97666edcb886563d] c.a.p.filter.RequestLoggingFilter - HTTP request start, method=DELETE, uri=/api/apps/1, clientIp=127.0.0.1
2026-06-16 15:34:21.035 [main] INFO  [e9a172da48ef49ee97666edcb886563d] c.a.p.filter.RequestLoggingFilter - HTTP request end, method=DELETE, uri=/api/apps/1, status=200, durationMs=8
2026-06-16 15:34:21.036 [main] INFO  [c0c1c046f5be4bd994d1858d6a70bdc9] c.a.p.filter.RequestLoggingFilter - HTTP request start, method=GET, uri=/api/apps/1, clientIp=127.0.0.1
2026-06-16 15:34:21.043 [main] WARN  [c0c1c046f5be4bd994d1858d6a70bdc9] c.a.p.handler.GlobalExceptionHandler - Request not found, method=GET, uri=/api/apps/1, message=App not found
2026-06-16 15:34:21.044 [main] INFO  [c0c1c046f5be4bd994d1858d6a70bdc9] c.a.p.filter.RequestLoggingFilter - HTTP request end, method=GET, uri=/api/apps/1, status=404, durationMs=8
2026-06-16 15:34:21.045 [main] INFO  [74d9a64b9a3144fcba166a7855172ed6] c.a.p.filter.RequestLoggingFilter - HTTP request start, method=GET, uri=/api/store-configs/1, clientIp=127.0.0.1
2026-06-16 15:34:21.048 [main] INFO  [74d9a64b9a3144fcba166a7855172ed6] c.a.p.filter.RequestLoggingFilter - HTTP request end, method=GET, uri=/api/store-configs/1, status=200, durationMs=3
2026-06-16 15:34:21.064 [main] INFO  [236310f6362145a3bdb3ec8724ceded6] c.a.p.filter.RequestLoggingFilter - HTTP request start, method=GET, uri=/api/apps/2, clientIp=127.0.0.1
2026-06-16 15:34:21.077 [main] INFO  [236310f6362145a3bdb3ec8724ceded6] c.a.p.filter.RequestLoggingFilter - HTTP request end, method=GET, uri=/api/apps/2, status=200, durationMs=13
2026-06-16 15:34:21.083 [main] INFO  [15ac32d0bd3d4fe0bd974940762d5b72] c.a.p.filter.RequestLoggingFilter - HTTP request start, method=PUT, uri=/api/apps/2, clientIp=127.0.0.1
2026-06-16 15:34:21.103 [main] INFO  [15ac32d0bd3d4fe0bd974940762d5b72] c.a.p.filter.RequestLoggingFilter - HTTP request end, method=PUT, uri=/api/apps/2, status=200, durationMs=20
2026-06-16 15:34:21.105 [main] INFO  [ccdfabb2273f4cf984df051f18f7f164] c.a.p.filter.RequestLoggingFilter - HTTP request start, method=GET, uri=/api/apps/2, clientIp=127.0.0.1
2026-06-16 15:34:21.112 [main] INFO  [ccdfabb2273f4cf984df051f18f7f164] c.a.p.filter.RequestLoggingFilter - HTTP request end, method=GET, uri=/api/apps/2, status=200, durationMs=7
2026-06-16 15:34:28.536 [main] INFO  [] c.a.p.s.AbstractStorePlatformPublisher - Submit vivo 32-bit apk upload, versionId=null, fileName=demo-32.apk, packageName=com.demo.app, stageUpload=false
2026-06-16 15:34:28.551 [main] INFO  [] c.a.p.s.AbstractStorePlatformPublisher - Submit vivo 64-bit apk upload, versionId=null, fileName=demo-64.apk, packageName=com.demo.app, stageUpload=false
2026-06-16 15:34:28.559 [main] INFO  [] c.a.p.s.AbstractStorePlatformPublisher - Submit vivo subpackage app update, versionId=null, packageName=com.demo.app, versionName=1.0.0, versionCode=100
2026-06-16 15:34:28.645 [main] INFO  [] c.a.p.s.AbstractStorePlatformPublisher - Vivo app does not exist yet, switch to create flow, packageName=com.demo.app
2026-06-16 15:34:28.722 [main] INFO  [] c.a.p.s.AbstractStorePlatformPublisher - Submit vivo 32-bit apk upload, versionId=null, fileName=stage-demo-32.apk, packageName=com.demo.app, stageUpload=true
2026-06-16 15:34:28.729 [main] INFO  [] c.a.p.s.AbstractStorePlatformPublisher - Submit vivo 64-bit apk upload, versionId=null, fileName=stage-demo-64.apk, packageName=com.demo.app, stageUpload=true
2026-06-16 15:34:28.735 [main] INFO  [] c.a.p.s.AbstractStorePlatformPublisher - Submit vivo staged release, versionId=null, packageName=com.demo.app, grayPercent=66, grayStartTime=2026-06-01T10:00, grayEndTime=2026-06-03T10:00
2026-06-16 15:34:28.839 [main] INFO  [] c.a.p.s.AbstractStorePlatformPublisher - Vivo app does not exist yet, switch to create flow, packageName=com.demo.app
2026-06-16 15:34:28.894 [main] INFO  [] c.a.p.s.AbstractStorePlatformPublisher - Vivo app does not exist yet, switch to create flow, packageName=com.demo.app
2026-06-16 15:34:29.075 [main] INFO  [] c.a.p.s.AbstractStorePlatformPublisher - Vivo app does not exist yet, switch to create flow, packageName=com.demo.app
2026-06-16 15:34:29.078 [main] INFO  [] c.a.p.s.AbstractStorePlatformPublisher - Submit vivo 32-bit apk upload, versionId=null, fileName=create-demo-32.apk, packageName=com.demo.app, stageUpload=false
2026-06-16 15:34:29.084 [main] INFO  [] c.a.p.s.AbstractStorePlatformPublisher - Submit vivo 64-bit apk upload, versionId=null, fileName=create-demo-64.apk, packageName=com.demo.app, stageUpload=false
2026-06-16 15:34:29.118 [main] INFO  [] c.a.p.s.AbstractStorePlatformPublisher - Create vivo subpackage app, versionId=null, packageName=com.demo.app, versionName=1.0.0, versionCode=100
2026-06-16 15:34:29.187 [main] INFO  [] c.a.p.s.AbstractStorePlatformPublisher - Vivo app does not exist yet, switch to create flow, packageName=com.demo.app
2026-06-16 15:34:29.190 [main] INFO  [] c.a.p.s.AbstractStorePlatformPublisher - Submit vivo 32-bit apk upload, versionId=null, fileName=create-demo-32.apk, packageName=com.demo.app, stageUpload=false
2026-06-16 15:34:29.196 [main] INFO  [] c.a.p.s.AbstractStorePlatformPublisher - Submit vivo 64-bit apk upload, versionId=null, fileName=create-demo-64.apk, packageName=com.demo.app, stageUpload=false
2026-06-16 15:34:29.223 [main] INFO  [] c.a.p.s.AbstractStorePlatformPublisher - Create vivo subpackage app, versionId=null, packageName=com.demo.app, versionName=1.0.0, versionCode=100
2026-06-16 15:34:29.286 [main] INFO  [] c.a.p.s.AbstractStorePlatformPublisher - Download package from repository, url=http://127.0.0.1:60952/repository/packages/release.apk, target=C:\Users\86159\AppData\Local\Temp\junit3627174141587838154\storage\remote-cache\20260616\087dfb87-4960-41e4-9c03-2fd7b44036d9\release.apk
2026-06-16 15:34:29.290 [main] INFO  [] c.a.p.s.AbstractStorePlatformPublisher - Submit vivo 32-bit apk upload, versionId=null, fileName=repo-32.apk, packageName=com.demo.app, stageUpload=false
2026-06-16 15:34:29.295 [main] INFO  [] c.a.p.s.AbstractStorePlatformPublisher - Submit vivo 64-bit apk upload, versionId=null, fileName=release.apk, packageName=com.demo.app, stageUpload=false
2026-06-16 15:34:29.300 [main] INFO  [] c.a.p.s.AbstractStorePlatformPublisher - Submit vivo subpackage app update, versionId=null, packageName=com.demo.app, versionName=1.0.0, versionCode=100
2026-06-16 15:34:29.353 [main] INFO  [] c.a.p.s.AbstractStorePlatformPublisher - Submit vivo 32-bit apk upload, versionId=null, fileName=demo-32.apk, packageName=com.demo.app, stageUpload=false
2026-06-16 15:34:29.357 [main] INFO  [] c.a.p.s.AbstractStorePlatformPublisher - Submit vivo 64-bit apk upload, versionId=null, fileName=demo-64.apk, packageName=com.demo.app, stageUpload=false
2026-06-16 15:34:29.362 [main] INFO  [] c.a.p.s.AbstractStorePlatformPublisher - Submit vivo subpackage app update, versionId=null, packageName=com.demo.app, versionName=1.0.0, versionCode=100
2026-06-16 15:34:30.675 [main] INFO  [] c.a.p.service.PackageVersionService - Submit package URLs prepared, versionId=9, versionCode=123, buildCode=b456, apk32Url=https://artifacts.cmschina.com.cn:443/artifact/cms_app-generic-release-wx/android/123_cmschina_armeabi_b456/cms_yht_32.apk, apk64Url=https://artifacts.cmschina.com.cn:443/artifact/cms_app-generic-release-wx/android/123_cmschina_arm64_b456/cms_yht_64.apk
2026-06-16 15:34:30.711 [main] INFO  [] c.a.p.service.PackageVersionService - Submit packages resolved from local metadata, versionId=9, versionCode=123, buildCode=b456, apk32Path=C:\Users\86159\AppData\Local\Temp\junit4765966893966717874\cms_yht_32.apk, apk64Path=C:\Users\86159\AppData\Local\Temp\junit4765966893966717874\cms_yht_64.apk
2026-06-16 15:34:30.976 [main] INFO  [] c.a.p.s.ReleaseOrchestrationService - Start release submit, versionId=9, releaseMode=api, stores=[huawei]
2026-06-16 15:34:30.978 [main] INFO  [] c.a.p.s.ReleaseOrchestrationService - Release record created, releaseId=100, appId=18, versionId=9, storeType=huawei
2026-06-16 15:34:30.979 [main] ERROR [] c.a.p.s.ReleaseOrchestrationService - Submit package preparation failed, releaseId=100, storeType=huawei
com.app.publishservice.common.exception.SubmitPackageDownloadException: 32位apk文件下载失败，请核对版本号和构建号
	at com.app.publishservice.service.PackageVersionService.prepareVersionForSubmit(PackageVersionService.java:128)
	at com.app.publishservice.service.ReleaseOrchestrationService.prepareSubmit(ReleaseOrchestrationService.java:143)
	at com.app.publishservice.service.ReleaseOrchestrationService.lambda$submit$0(ReleaseOrchestrationService.java:67)
	at com.app.publishservice.service.ReleaseOrchestrationServiceTest.lambda$transactionOperations$6(ReleaseOrchestrationServiceTest.java:264)
	at com.app.publishservice.service.ReleaseOrchestrationService.submit(ReleaseOrchestrationService.java:67)
	at com.app.publishservice.service.ReleaseOrchestrationServiceTest.lambda$shouldPersistDownloadFailureStatusAndRethrowMessage$3(ReleaseOrchestrationServiceTest.java:154)
	at org.junit.jupiter.api.AssertThrows.assertThrows(AssertThrows.java:53)
	at org.junit.jupiter.api.AssertThrows.assertThrows(AssertThrows.java:35)
	at org.junit.jupiter.api.Assertions.assertThrows(Assertions.java:3115)
	at com.app.publishservice.service.ReleaseOrchestrationServiceTest.shouldPersistDownloadFailureStatusAndRethrowMessage(ReleaseOrchestrationServiceTest.java:154)
	at java.base/jdk.internal.reflect.DirectMethodHandleAccessor.invoke(DirectMethodHandleAccessor.java:103)
	at java.base/java.lang.reflect.Method.invoke(Method.java:580)
	at org.junit.platform.commons.util.ReflectionUtils.invokeMethod(ReflectionUtils.java:728)
	at org.junit.jupiter.engine.execution.MethodInvocation.proceed(MethodInvocation.java:60)
	at org.junit.jupiter.engine.execution.InvocationInterceptorChain$ValidatingInvocation.proceed(InvocationInterceptorChain.java:131)
	at org.junit.jupiter.engine.extension.TimeoutExtension.intercept(TimeoutExtension.java:156)
	at org.junit.jupiter.engine.extension.TimeoutExtension.interceptTestableMethod(TimeoutExtension.java:147)
	at org.junit.jupiter.engine.extension.TimeoutExtension.interceptTestMethod(TimeoutExtension.java:86)
	at org.junit.jupiter.engine.execution.InterceptingExecutableInvoker$ReflectiveInterceptorCall.lambda$ofVoidMethod$0(InterceptingExecutableInvoker.java:103)
	at org.junit.jupiter.engine.execution.InterceptingExecutableInvoker.lambda$invoke$0(InterceptingExecutableInvoker.java:93)
	at org.junit.jupiter.engine.execution.InvocationInterceptorChain$InterceptedInvocation.proceed(InvocationInterceptorChain.java:106)
	at org.junit.jupiter.engine.execution.InvocationInterceptorChain.proceed(InvocationInterceptorChain.java:64)
	at org.junit.jupiter.engine.execution.InvocationInterceptorChain.chainAndInvoke(InvocationInterceptorChain.java:45)
	at org.junit.jupiter.engine.execution.InvocationInterceptorChain.invoke(InvocationInterceptorChain.java:37)
	at org.junit.jupiter.engine.execution.InterceptingExecutableInvoker.invoke(InterceptingExecutableInvoker.java:92)
	at org.junit.jupiter.engine.execution.InterceptingExecutableInvoker.invoke(InterceptingExecutableInvoker.java:86)
	at org.junit.jupiter.engine.descriptor.TestMethodTestDescriptor.lambda$invokeTestMethod$7(TestMethodTestDescriptor.java:218)
	at org.junit.platform.engine.support.hierarchical.ThrowableCollector.execute(ThrowableCollector.java:73)
	at org.junit.jupiter.engine.descriptor.TestMethodTestDescriptor.invokeTestMethod(TestMethodTestDescriptor.java:214)
	at org.junit.jupiter.engine.descriptor.TestMethodTestDescriptor.execute(TestMethodTestDescriptor.java:139)
	at org.junit.jupiter.engine.descriptor.TestMethodTestDescriptor.execute(TestMethodTestDescriptor.java:69)
	at org.junit.platform.engine.support.hierarchical.NodeTestTask.lambda$executeRecursively$6(NodeTestTask.java:156)
	at org.junit.platform.engine.support.hierarchical.ThrowableCollector.execute(ThrowableCollector.java:73)
	at org.junit.platform.engine.support.hierarchical.NodeTestTask.lambda$executeRecursively$8(NodeTestTask.java:146)
	at org.junit.platform.engine.support.hierarchical.Node.around(Node.java:137)
	at org.junit.platform.engine.support.hierarchical.NodeTestTask.lambda$executeRecursively$9(NodeTestTask.java:144)
	at org.junit.platform.engine.support.hierarchical.ThrowableCollector.execute(ThrowableCollector.java:73)
	at org.junit.platform.engine.support.hierarchical.NodeTestTask.executeRecursively(NodeTestTask.java:143)
	at org.junit.platform.engine.support.hierarchical.NodeTestTask.execute(NodeTestTask.java:100)
	at java.base/java.util.ArrayList.forEach(ArrayList.java:1596)
	at org.junit.platform.engine.support.hierarchical.SameThreadHierarchicalTestExecutorService.invokeAll(SameThreadHierarchicalTestExecutorService.java:41)
	at org.junit.platform.engine.support.hierarchical.NodeTestTask.lambda$executeRecursively$6(NodeTestTask.java:160)
	at org.junit.platform.engine.support.hierarchical.ThrowableCollector.execute(ThrowableCollector.java:73)
	at org.junit.platform.engine.support.hierarchical.NodeTestTask.lambda$executeRecursively$8(NodeTestTask.java:146)
	at org.junit.platform.engine.support.hierarchical.Node.around(Node.java:137)
	at org.junit.platform.engine.support.hierarchical.NodeTestTask.lambda$executeRecursively$9(NodeTestTask.java:144)
	at org.junit.platform.engine.support.hierarchical.ThrowableCollector.execute(ThrowableCollector.java:73)
	at org.junit.platform.engine.support.hierarchical.NodeTestTask.executeRecursively(NodeTestTask.java:143)
	at org.junit.platform.engine.support.hierarchical.NodeTestTask.execute(NodeTestTask.java:100)
	at java.base/java.util.ArrayList.forEach(ArrayList.java:1596)
	at org.junit.platform.engine.support.hierarchical.SameThreadHierarchicalTestExecutorService.invokeAll(SameThreadHierarchicalTestExecutorService.java:41)
	at org.junit.platform.engine.support.hierarchical.NodeTestTask.lambda$executeRecursively$6(NodeTestTask.java:160)
	at org.junit.platform.engine.support.hierarchical.ThrowableCollector.execute(ThrowableCollector.java:73)
	at org.junit.platform.engine.support.hierarchical.NodeTestTask.lambda$executeRecursively$8(NodeTestTask.java:146)
	at org.junit.platform.engine.support.hierarchical.Node.around(Node.java:137)
	at org.junit.platform.engine.support.hierarchical.NodeTestTask.lambda$executeRecursively$9(NodeTestTask.java:144)
	at org.junit.platform.engine.support.hierarchical.ThrowableCollector.execute(ThrowableCollector.java:73)
	at org.junit.platform.engine.support.hierarchical.NodeTestTask.executeRecursively(NodeTestTask.java:143)
	at org.junit.platform.engine.support.hierarchical.NodeTestTask.execute(NodeTestTask.java:100)
	at org.junit.platform.engine.support.hierarchical.SameThreadHierarchicalTestExecutorService.submit(SameThreadHierarchicalTestExecutorService.java:35)
	at org.junit.platform.engine.support.hierarchical.HierarchicalTestExecutor.execute(HierarchicalTestExecutor.java:57)
	at org.junit.platform.engine.support.hierarchical.HierarchicalTestEngine.execute(HierarchicalTestEngine.java:54)
	at org.junit.platform.launcher.core.EngineExecutionOrchestrator.execute(EngineExecutionOrchestrator.java:198)
	at org.junit.platform.launcher.core.EngineExecutionOrchestrator.execute(EngineExecutionOrchestrator.java:169)
	at org.junit.platform.launcher.core.EngineExecutionOrchestrator.execute(EngineExecutionOrchestrator.java:93)
	at org.junit.platform.launcher.core.EngineExecutionOrchestrator.lambda$execute$0(EngineExecutionOrchestrator.java:58)
	at org.junit.platform.launcher.core.EngineExecutionOrchestrator.withInterceptedStreams(EngineExecutionOrchestrator.java:141)
	at org.junit.platform.launcher.core.EngineExecutionOrchestrator.execute(EngineExecutionOrchestrator.java:57)
	at org.junit.platform.launcher.core.DefaultLauncher.execute(DefaultLauncher.java:103)
	at org.junit.platform.launcher.core.DefaultLauncher.execute(DefaultLauncher.java:85)
	at org.junit.platform.launcher.core.DelegatingLauncher.execute(DelegatingLauncher.java:47)
	at org.apache.maven.surefire.junitplatform.LazyLauncher.execute(LazyLauncher.java:56)
	at org.apache.maven.surefire.junitplatform.JUnitPlatformProvider.execute(JUnitPlatformProvider.java:184)
	at org.apache.maven.surefire.junitplatform.JUnitPlatformProvider.invokeAllTests(JUnitPlatformProvider.java:148)
	at org.apache.maven.surefire.junitplatform.JUnitPlatformProvider.invoke(JUnitPlatformProvider.java:122)
	at org.apache.maven.surefire.booter.ForkedBooter.runSuitesInProcess(ForkedBooter.java:385)
	at org.apache.maven.surefire.booter.ForkedBooter.execute(ForkedBooter.java:162)
	at org.apache.maven.surefire.booter.ForkedBooter.run(ForkedBooter.java:507)
	at org.apache.maven.surefire.booter.ForkedBooter.main(ForkedBooter.java:495)
Caused by: java.lang.RuntimeException: download failed
	at com.app.publishservice.service.ReleaseOrchestrationServiceTest.shouldPersistDownloadFailureStatusAndRethrowMessage(ReleaseOrchestrationServiceTest.java:124)
	... 69 common frames omitted
2026-06-16 15:34:30.991 [main] INFO  [] c.a.p.s.ReleaseOrchestrationService - Start release submit, versionId=1, releaseMode=api, stores=[oppo, xiaomi]
2026-06-16 15:34:30.996 [main] INFO  [] c.a.p.s.ReleaseOrchestrationService - Start release submit, versionId=9, releaseMode=api, stores=[huawei, oppo]
2026-06-16 15:34:30.997 [main] INFO  [] c.a.p.s.ReleaseOrchestrationService - Release record created, releaseId=100, appId=18, versionId=9, storeType=huawei
2026-06-16 15:34:30.997 [main] INFO  [] c.a.p.s.ReleaseOrchestrationService - Release record created, releaseId=101, appId=18, versionId=9, storeType=oppo
2026-06-16 15:34:30.999 [pool-3-thread-1] INFO  [] c.a.p.s.ReleaseOrchestrationService - Submit review success, releaseId=100, storeType=huawei, storeReleaseId=hw-release, status=auditing
2026-06-16 15:34:30.999 [pool-3-thread-2] ERROR [] c.a.p.s.ReleaseOrchestrationService - Submit review failed, releaseId=101, storeType=oppo
java.lang.IllegalStateException: oppo failed
	at com.app.publishservice.service.ReleaseOrchestrationServiceTest.lambda$shouldSubmitStoresInParallelAndKeepFailuresIsolated$5(ReleaseOrchestrationServiceTest.java:224)
	at org.mockito.internal.stubbing.StubbedInvocationMatcher.answer(StubbedInvocationMatcher.java:42)
	at org.mockito.internal.handler.MockHandlerImpl.handle(MockHandlerImpl.java:103)
	at org.mockito.internal.handler.NullResultGuardian.handle(NullResultGuardian.java:29)
	at org.mockito.internal.handler.InvocationNotifierHandler.handle(InvocationNotifierHandler.java:34)
	at org.mockito.internal.creation.bytebuddy.MockMethodInterceptor.doIntercept(MockMethodInterceptor.java:82)
	at org.mockito.internal.creation.bytebuddy.MockMethodInterceptor.doIntercept(MockMethodInterceptor.java:56)
	at org.mockito.internal.creation.bytebuddy.MockMethodInterceptor$DispatcherDefaultingToRealMethod.interceptAbstract(MockMethodInterceptor.java:161)
	at com.app.publishservice.service.StorePublisher$MockitoMock$3WoVkkQT.submitRelease(Unknown Source)
	at com.app.publishservice.service.ReleaseOrchestrationService.submitToStore(ReleaseOrchestrationService.java:186)
	at com.app.publishservice.service.ReleaseOrchestrationService.lambda$scheduleStoreSubmit$2(ReleaseOrchestrationService.java:167)
	at java.base/java.util.concurrent.CompletableFuture$AsyncSupply.run(CompletableFuture.java:1768)
	at java.base/java.util.concurrent.ThreadPoolExecutor.runWorker(ThreadPoolExecutor.java:1144)
	at java.base/java.util.concurrent.ThreadPoolExecutor$Worker.run(ThreadPoolExecutor.java:642)
	at java.base/java.lang.Thread.run(Thread.java:1583)
2026-06-16 15:34:31.002 [main] INFO  [] c.a.p.s.ReleaseOrchestrationService - Start release submit, versionId=1, releaseMode=api, stores=[yingyongbao]
2026-06-16 15:34:31.008 [main] INFO  [] o.s.t.c.s.AnnotationConfigContextLoaderUtils - Could not detect default configuration classes for test class [com.app.publishservice.service.ReleaseWorkflowIntegrationTest]: ReleaseWorkflowIntegrationTest does not declare any static, non-private, non-final, nested classes annotated with @Configuration.
2026-06-16 15:34:31.164 [main] INFO  [] o.s.b.t.c.SpringBootTestContextBootstrapper - Found @SpringBootConfiguration com.app.publishservice.AppPublishServiceApplication for test class com.app.publishservice.service.ReleaseWorkflowIntegrationTest
2026-06-16 15:34:31.242 [main] INFO  [] c.a.p.s.ReleaseWorkflowIntegrationTest - Starting ReleaseWorkflowIntegrationTest using Java 21.0.10 with PID 4460 (started by 86159 in D:\app_publish)
2026-06-16 15:34:31.242 [main] INFO  [] c.a.p.s.ReleaseWorkflowIntegrationTest - The following 1 profile is active: "test"
2026-06-16 15:34:32.338 [main] INFO  [] com.zaxxer.hikari.HikariDataSource - HikariPool-2 - Starting...
2026-06-16 15:34:32.340 [main] INFO  [] com.zaxxer.hikari.pool.HikariPool - HikariPool-2 - Added connection conn10: url=jdbc:h2:mem:app_publish user=SA
2026-06-16 15:34:32.341 [main] INFO  [] com.zaxxer.hikari.HikariDataSource - HikariPool-2 - Start completed.
2026-06-16 15:34:33.234 [main] INFO  [] c.a.p.s.ReleaseWorkflowIntegrationTest - Started ReleaseWorkflowIntegrationTest in 2.061 seconds (process running for 33.426)
2026-06-16 15:34:33.239 [scheduling-1] INFO  [] c.a.p.s.ReleaseOrchestrationService - Start polling audit results, pendingCount=0
2026-06-16 15:34:33.285 [main] INFO  [] c.a.p.service.PackageVersionService - Start package upload, appId=3, fileName=demo-1.0.1-build101-reinforced.apk
2026-06-16 15:34:33.308 [main] INFO  [] c.a.p.service.PackageVersionService - Package upload success, appId=3, versionId=3, versionName=1.0.1, versionCode=101, packageType=apk
2026-06-16 15:34:33.308 [main] INFO  [] c.a.p.s.ReleaseOrchestrationService - Start release submit, versionId=3, releaseMode=api, stores=[huawei]
2026-06-16 15:34:33.317 [main] INFO  [] c.a.p.s.ReleaseOrchestrationService - Release record created, releaseId=2, appId=3, versionId=3, storeType=huawei
2026-06-16 15:34:33.332 [release-submit-1] INFO  [] c.a.p.service.TokenService - Refresh token, storeConfigId=1, storeType=huawei
2026-06-16 15:34:33.333 [release-submit-1] INFO  [] c.a.p.s.AbstractStorePlatformPublisher - Use mock huawei token refresh, storeConfigId=1
2026-06-16 15:34:33.856 [release-submit-1] ERROR [] c.a.p.s.ReleaseOrchestrationService - Submit review failed, releaseId=2, storeType=huawei
org.springframework.dao.DuplicateKeyException: 
### Error updating database.  Cause: org.h2.jdbc.JdbcSQLIntegrityConstraintViolationException: Unique index or primary key violation: "PUBLIC.uk_token_cache_store_type_INDEX_3 ON PUBLIC.app_api_token_cache(store_config_id NULLS FIRST, token_type NULLS FIRST) VALUES ( /* key:1 */ CAST(1 AS BIGINT), 'access_token')"; SQL statement:
INSERT INTO app_api_token_cache  ( store_config_id, token_type, token_value, expire_time, create_user, update_user, update_time )  VALUES (  ?, ?, ?, ?, ?, ?, ?  ) [23505-224]
### The error may exist in com/app/publishservice/repository/AppApiTokenCacheRepository.java (best guess)
### The error may involve com.app.publishservice.repository.AppApiTokenCacheRepository.insert-Inline
### The error occurred while setting parameters
### SQL: INSERT INTO app_api_token_cache  ( store_config_id, token_type, token_value, expire_time, create_user, update_user, update_time )  VALUES (  ?, ?, ?, ?, ?, ?, ?  )
### Cause: org.h2.jdbc.JdbcSQLIntegrityConstraintViolationException: Unique index or primary key violation: "PUBLIC.uk_token_cache_store_type_INDEX_3 ON PUBLIC.app_api_token_cache(store_config_id NULLS FIRST, token_type NULLS FIRST) VALUES ( /* key:1 */ CAST(1 AS BIGINT), 'access_token')"; SQL statement:
INSERT INTO app_api_token_cache  ( store_config_id, token_type, token_value, expire_time, create_user, update_user, update_time )  VALUES (  ?, ?, ?, ?, ?, ?, ?  ) [23505-224]
; Unique index or primary key violation: "PUBLIC.uk_token_cache_store_type_INDEX_3 ON PUBLIC.app_api_token_cache(store_config_id NULLS FIRST, token_type NULLS FIRST) VALUES ( /* key:1 */ CAST(1 AS BIGINT), 'access_token')"; SQL statement:
INSERT INTO app_api_token_cache  ( store_config_id, token_type, token_value, expire_time, create_user, update_user, update_time )  VALUES (  ?, ?, ?, ?, ?, ?, ?  ) [23505-224]
	at org.springframework.jdbc.support.SQLErrorCodeSQLExceptionTranslator.doTranslate(SQLErrorCodeSQLExceptionTranslator.java:254)
	at org.springframework.jdbc.support.AbstractFallbackSQLExceptionTranslator.translate(AbstractFallbackSQLExceptionTranslator.java:107)
	at org.mybatis.spring.MyBatisExceptionTranslator.translateExceptionIfPossible(MyBatisExceptionTranslator.java:92)
	at org.mybatis.spring.SqlSessionTemplate$SqlSessionInterceptor.invoke(SqlSessionTemplate.java:439)
	at jdk.proxy2/jdk.proxy2.$Proxy100.insert(Unknown Source)
	at org.mybatis.spring.SqlSessionTemplate.insert(SqlSessionTemplate.java:272)
	at com.baomidou.mybatisplus.core.override.MybatisMapperMethod.execute(MybatisMapperMethod.java:59)
	at com.baomidou.mybatisplus.core.override.MybatisMapperProxy$PlainMethodInvoker.invoke(MybatisMapperProxy.java:152)
	at com.baomidou.mybatisplus.core.override.MybatisMapperProxy.invoke(MybatisMapperProxy.java:89)
	at jdk.proxy2/jdk.proxy2.$Proxy105.insert(Unknown Source)
	at com.app.publishservice.service.TokenService.getValidToken(TokenService.java:61)
	at java.base/jdk.internal.reflect.DirectMethodHandleAccessor.invoke(DirectMethodHandleAccessor.java:103)
	at java.base/java.lang.reflect.Method.invoke(Method.java:580)
	at org.springframework.aop.support.AopUtils.invokeJoinpointUsingReflection(AopUtils.java:355)
	at org.springframework.aop.framework.ReflectiveMethodInvocation.invokeJoinpoint(ReflectiveMethodInvocation.java:196)
	at org.springframework.aop.framework.ReflectiveMethodInvocation.proceed(ReflectiveMethodInvocation.java:163)
	at org.springframework.aop.framework.CglibAopProxy$CglibMethodInvocation.proceed(CglibAopProxy.java:768)
	at org.springframework.transaction.interceptor.TransactionAspectSupport.invokeWithinTransaction(TransactionAspectSupport.java:379)
	at org.springframework.transaction.interceptor.TransactionInterceptor.invoke(TransactionInterceptor.java:119)
	at org.springframework.aop.framework.ReflectiveMethodInvocation.proceed(ReflectiveMethodInvocation.java:184)
	at org.springframework.aop.framework.CglibAopProxy$CglibMethodInvocation.proceed(CglibAopProxy.java:768)
	at org.springframework.aop.framework.CglibAopProxy$DynamicAdvisedInterceptor.intercept(CglibAopProxy.java:720)
	at com.app.publishservice.service.TokenService$$SpringCGLIB$$0.getValidToken(<generated>)
	at com.app.publishservice.service.ReleaseOrchestrationService.submitToStore(ReleaseOrchestrationService.java:185)
	at com.app.publishservice.service.ReleaseOrchestrationService.lambda$scheduleStoreSubmit$2(ReleaseOrchestrationService.java:167)
	at java.base/java.util.concurrent.CompletableFuture$AsyncSupply.run(CompletableFuture.java:1768)
	at java.base/java.util.concurrent.ThreadPoolExecutor.runWorker(ThreadPoolExecutor.java:1144)
	at java.base/java.util.concurrent.ThreadPoolExecutor$Worker.run(ThreadPoolExecutor.java:642)
	at java.base/java.lang.Thread.run(Thread.java:1583)
Caused by: org.h2.jdbc.JdbcSQLIntegrityConstraintViolationException: Unique index or primary key violation: "PUBLIC.uk_token_cache_store_type_INDEX_3 ON PUBLIC.app_api_token_cache(store_config_id NULLS FIRST, token_type NULLS FIRST) VALUES ( /* key:1 */ CAST(1 AS BIGINT), 'access_token')"; SQL statement:
INSERT INTO app_api_token_cache  ( store_config_id, token_type, token_value, expire_time, create_user, update_user, update_time )  VALUES (  ?, ?, ?, ?, ?, ?, ?  ) [23505-224]
	at org.h2.message.DbException.getJdbcSQLException(DbException.java:520)
	at org.h2.message.DbException.getJdbcSQLException(DbException.java:489)
	at org.h2.message.DbException.get(DbException.java:223)
	at org.h2.message.DbException.get(DbException.java:199)
	at org.h2.index.Index.getDuplicateKeyException(Index.java:527)
	at org.h2.mvstore.db.MVSecondaryIndex.checkUnique(MVSecondaryIndex.java:223)
	at org.h2.mvstore.db.MVSecondaryIndex.add(MVSecondaryIndex.java:184)
	at org.h2.mvstore.db.MVTable.addRow(MVTable.java:519)
	at org.h2.command.dml.Insert.insertRows(Insert.java:174)
	at org.h2.command.dml.Insert.update(Insert.java:135)
	at org.h2.command.CommandContainer.executeUpdateWithGeneratedKeys(CommandContainer.java:242)
	at org.h2.command.CommandContainer.update(CommandContainer.java:163)
	at org.h2.command.Command.executeUpdate(Command.java:256)
	at org.h2.jdbc.JdbcPreparedStatement.execute(JdbcPreparedStatement.java:265)
	at com.zaxxer.hikari.pool.ProxyPreparedStatement.execute(ProxyPreparedStatement.java:44)
	at com.zaxxer.hikari.pool.HikariProxyPreparedStatement.execute(HikariProxyPreparedStatement.java)
	at org.apache.ibatis.executor.statement.PreparedStatementHandler.update(PreparedStatementHandler.java:48)
	at org.apache.ibatis.executor.statement.RoutingStatementHandler.update(RoutingStatementHandler.java:75)
	at java.base/jdk.internal.reflect.DirectMethodHandleAccessor.invoke(DirectMethodHandleAccessor.java:103)
	at java.base/java.lang.reflect.Method.invoke(Method.java:580)
	at org.apache.ibatis.plugin.Plugin.invoke(Plugin.java:61)
	at jdk.proxy2/jdk.proxy2.$Proxy124.update(Unknown Source)
	at org.apache.ibatis.executor.SimpleExecutor.doUpdate(SimpleExecutor.java:50)
	at org.apache.ibatis.executor.BaseExecutor.update(BaseExecutor.java:117)
	at org.apache.ibatis.executor.CachingExecutor.update(CachingExecutor.java:76)
	at java.base/jdk.internal.reflect.DirectMethodHandleAccessor.invoke(DirectMethodHandleAccessor.java:103)
	at java.base/java.lang.reflect.Method.invoke(Method.java:580)
	at org.apache.ibatis.plugin.Invocation.proceed(Invocation.java:61)
	at com.baomidou.mybatisplus.extension.plugins.MybatisPlusInterceptor.intercept(MybatisPlusInterceptor.java:106)
	at org.apache.ibatis.plugin.Plugin.invoke(Plugin.java:59)
	at jdk.proxy2/jdk.proxy2.$Proxy123.update(Unknown Source)
	at org.apache.ibatis.session.defaults.DefaultSqlSession.update(DefaultSqlSession.java:197)
	at org.apache.ibatis.session.defaults.DefaultSqlSession.insert(DefaultSqlSession.java:184)
	at java.base/jdk.internal.reflect.DirectMethodHandleAccessor.invoke(DirectMethodHandleAccessor.java:103)
	at java.base/java.lang.reflect.Method.invoke(Method.java:580)
	at org.mybatis.spring.SqlSessionTemplate$SqlSessionInterceptor.invoke(SqlSessionTemplate.java:425)
	... 25 common frames omitted
2026-06-16 15:34:33.862 [main] INFO  [] c.a.p.s.ReleaseOrchestrationService - Start polling audit results, pendingCount=0
2026-06-16 15:34:33.906 [main] INFO  [] o.s.t.c.s.AnnotationConfigContextLoaderUtils - Could not detect default configuration classes for test class [com.app.publishservice.service.StoreRequestLogServiceIntegrationTest]: StoreRequestLogServiceIntegrationTest does not declare any static, non-private, non-final, nested classes annotated with @Configuration.
2026-06-16 15:34:33.909 [main] INFO  [] o.s.b.t.c.SpringBootTestContextBootstrapper - Found @SpringBootConfiguration com.app.publishservice.AppPublishServiceApplication for test class com.app.publishservice.service.StoreRequestLogServiceIntegrationTest
2026-06-16 15:34:34.073 [SpringApplicationShutdownHook] INFO  [] com.zaxxer.hikari.HikariDataSource - HikariPool-1 - Shutdown initiated...
2026-06-16 15:34:34.079 [SpringApplicationShutdownHook] INFO  [] com.zaxxer.hikari.HikariDataSource - HikariPool-1 - Shutdown completed.
2026-06-16 15:34:34.087 [SpringApplicationShutdownHook] INFO  [] com.zaxxer.hikari.HikariDataSource - HikariPool-2 - Shutdown initiated...
2026-06-16 15:34:34.089 [SpringApplicationShutdownHook] INFO  [] com.zaxxer.hikari.HikariDataSource - HikariPool-2 - Shutdown completed.
